[oracle] loaded dream; hidden_dim=3584
[oracle] dream/math prompts=10 buf=240 elapsed=793s
[oracle] dream/math prompts=20 buf=480 elapsed=1552s
[oracle] wrote shard /scratch/ug2084/Efficient-AI/labels/base/oracle/dream/math/oracle_000000.pt (528 examples)
[oracle] dream/math prompts=30 buf=192 elapsed=2284s
[oracle] dream/math prompts=40 buf=432 elapsed=3009s
[oracle] wrote shard /scratch/ug2084/Efficient-AI/labels/base/oracle/dream/math/oracle_000001.pt (528 examples)
[oracle] dream/math prompts=50 buf=144 elapsed=3742s
[oracle] dream/math prompts=60 buf=384 elapsed=4512s
[oracle] wrote shard /scratch/ug2084/Efficient-AI/labels/base/oracle/dream/math/oracle_000002.pt (528 examples)
[oracle] dream/math prompts=70 buf=96 elapsed=5283s
[oracle] dream/math prompts=80 buf=336 elapsed=6108s
[oracle] wrote shard /scratch/ug2084/Efficient-AI/labels/base/oracle/dream/math/oracle_000003.pt (528 examples)
[oracle] dream/math prompts=90 buf=48 elapsed=6846s
[oracle] dream/math prompts=100 buf=288 elapsed=7582s
[oracle] dream/math prompts=110 buf=528 elapsed=8315s
[oracle] wrote shard /scratch/ug2084/Efficient-AI/labels/base/oracle/dream/math/oracle_000004.pt (528 examples)
[oracle] dream/math prompts=120 buf=240 elapsed=9093s
[oracle] dream/math prompts=130 buf=480 elapsed=9836s
[oracle] wrote shard /scratch/ug2084/Efficient-AI/labels/base/oracle/dream/math/oracle_000005.pt (528 examples)
[oracle] dream/math prompts=140 buf=192 elapsed=10563s
[oracle] dream/math prompts=150 buf=432 elapsed=11296s
[oracle] wrote shard /scratch/ug2084/Efficient-AI/labels/base/oracle/dream/math/oracle_000006.pt (528 examples)
[oracle] dream/math prompts=160 buf=144 elapsed=12028s
[oracle] dream/math prompts=170 buf=384 elapsed=12753s
[oracle] wrote shard /scratch/ug2084/Efficient-AI/labels/base/oracle/dream/math/oracle_000007.pt (528 examples)
[oracle] dream/math prompts=180 buf=96 elapsed=13488s
[oracle] dream/math prompts=190 buf=336 elapsed=14221s
[oracle] wrote shard /scratch/ug2084/Efficient-AI/labels/base/oracle/dream/math/oracle_000008.pt (528 examples)
[oracle] dream/math prompts=200 buf=48 elapsed=15048s
[oracle] dream/math prompts=210 buf=288 elapsed=15771s
[oracle] dream/math prompts=220 buf=528 elapsed=16501s
[oracle] wrote shard /scratch/ug2084/Efficient-AI/labels/base/oracle/dream/math/oracle_000009.pt (528 examples)
[oracle] dream/math prompts=230 buf=240 elapsed=17234s
[oracle] dream/math prompts=240 buf=480 elapsed=17963s
[oracle] wrote shard /scratch/ug2084/Efficient-AI/labels/base/oracle/dream/math/oracle_000010.pt (528 examples)
[oracle] dream/math prompts=250 buf=192 elapsed=18699s
[oracle] dream/math prompts=260 buf=432 elapsed=19489s
[oracle] wrote shard /scratch/ug2084/Efficient-AI/labels/base/oracle/dream/math/oracle_000011.pt (528 examples)
[oracle] dream/math prompts=270 buf=144 elapsed=20221s
[oracle] dream/math prompts=280 buf=384 elapsed=20947s
[oracle] wrote shard /scratch/ug2084/Efficient-AI/labels/base/oracle/dream/math/oracle_000012.pt (528 examples)
[oracle] dream/math prompts=290 buf=96 elapsed=21673s
[oracle] dream/math prompts=300 buf=336 elapsed=22398s
[oracle] wrote shard /scratch/ug2084/Efficient-AI/labels/base/oracle/dream/math/oracle_000013.pt (528 examples)
[oracle] dream/math prompts=310 buf=48 elapsed=23123s
[oracle] dream/math prompts=320 buf=288 elapsed=23857s
[oracle] dream/math prompts=330 buf=528 elapsed=24600s
[oracle] wrote shard /scratch/ug2084/Efficient-AI/labels/base/oracle/dream/math/oracle_000014.pt (528 examples)
[oracle] dream/math prompts=340 buf=240 elapsed=25338s
[oracle] dream/math prompts=350 buf=480 elapsed=26075s
[oracle] wrote shard /scratch/ug2084/Efficient-AI/labels/base/oracle/dream/math/oracle_000015.pt (528 examples)
[oracle] dream/math prompts=360 buf=192 elapsed=26938s
[oracle] dream/math prompts=370 buf=432 elapsed=27674s
[oracle] wrote shard /scratch/ug2084/Efficient-AI/labels/base/oracle/dream/math/oracle_000016.pt (528 examples)
[oracle] dream/math prompts=380 buf=144 elapsed=28406s
[oracle] dream/math prompts=390 buf=384 elapsed=29147s
[oracle] wrote shard /scratch/ug2084/Efficient-AI/labels/base/oracle/dream/math/oracle_000017.pt (528 examples)
[oracle] dream/math prompts=400 buf=96 elapsed=29880s
[oracle] dream/math prompts=410 buf=336 elapsed=30671s
[oracle] wrote shard /scratch/ug2084/Efficient-AI/labels/base/oracle/dream/math/oracle_000018.pt (528 examples)
[oracle] dream/math prompts=420 buf=48 elapsed=31555s
[oracle] dream/math prompts=430 buf=288 elapsed=32293s
[oracle] dream/math prompts=440 buf=528 elapsed=33124s
[oracle] wrote shard /scratch/ug2084/Efficient-AI/labels/base/oracle/dream/math/oracle_000019.pt (528 examples)
[oracle] dream/math prompts=450 buf=240 elapsed=33856s
[oracle] dream/math prompts=460 buf=480 elapsed=34613s
[oracle] wrote shard /scratch/ug2084/Efficient-AI/labels/base/oracle/dream/math/oracle_000020.pt (528 examples)
[oracle] dream/math prompts=470 buf=192 elapsed=35344s
[oracle] dream/math prompts=480 buf=432 elapsed=36079s
[oracle] wrote shard /scratch/ug2084/Efficient-AI/labels/base/oracle/dream/math/oracle_000021.pt (528 examples)
[oracle] dream/math prompts=490 buf=144 elapsed=36903s
[oracle] dream/math prompts=500 buf=384 elapsed=37634s
[oracle] wrote final shard /scratch/ug2084/Efficient-AI/labels/base/oracle/dream/math/oracle_000022.pt (384 examples)
[oracle] done. total prompts=500
