[teacher] loaded dream; hidden_dim=3584
[teacher] delimiter token-id set size: 177
[teacher] wrote shard /scratch/ug2084/Efficient-AI/labels/base/teacher/dream/gsm8k/teacher_000000.pt (528 examples)
[teacher] dream/gsm8k prompts=25 buf=72 elapsed=548s
[teacher] wrote shard /scratch/ug2084/Efficient-AI/labels/base/teacher/dream/gsm8k/teacher_000001.pt (528 examples)
[teacher] dream/gsm8k prompts=50 buf=144 elapsed=1094s
[teacher] wrote shard /scratch/ug2084/Efficient-AI/labels/base/teacher/dream/gsm8k/teacher_000002.pt (528 examples)
[teacher] dream/gsm8k prompts=75 buf=216 elapsed=1638s
[teacher] wrote shard /scratch/ug2084/Efficient-AI/labels/base/teacher/dream/gsm8k/teacher_000003.pt (528 examples)
[teacher] dream/gsm8k prompts=100 buf=288 elapsed=2179s
[teacher] wrote shard /scratch/ug2084/Efficient-AI/labels/base/teacher/dream/gsm8k/teacher_000004.pt (528 examples)
[teacher] dream/gsm8k prompts=125 buf=360 elapsed=2723s
[teacher] wrote shard /scratch/ug2084/Efficient-AI/labels/base/teacher/dream/gsm8k/teacher_000005.pt (528 examples)
[teacher] dream/gsm8k prompts=150 buf=432 elapsed=3263s
[teacher] wrote shard /scratch/ug2084/Efficient-AI/labels/base/teacher/dream/gsm8k/teacher_000006.pt (528 examples)
[teacher] dream/gsm8k prompts=175 buf=504 elapsed=3802s
[teacher] wrote shard /scratch/ug2084/Efficient-AI/labels/base/teacher/dream/gsm8k/teacher_000007.pt (528 examples)
[teacher] wrote shard /scratch/ug2084/Efficient-AI/labels/base/teacher/dream/gsm8k/teacher_000008.pt (528 examples)
[teacher] dream/gsm8k prompts=200 buf=48 elapsed=4344s
[teacher] wrote shard /scratch/ug2084/Efficient-AI/labels/base/teacher/dream/gsm8k/teacher_000009.pt (528 examples)
[teacher] dream/gsm8k prompts=225 buf=120 elapsed=4883s
[teacher] wrote shard /scratch/ug2084/Efficient-AI/labels/base/teacher/dream/gsm8k/teacher_000010.pt (528 examples)
[teacher] dream/gsm8k prompts=250 buf=192 elapsed=5432s
[teacher] wrote shard /scratch/ug2084/Efficient-AI/labels/base/teacher/dream/gsm8k/teacher_000011.pt (528 examples)
[teacher] dream/gsm8k prompts=275 buf=264 elapsed=5975s
[teacher] wrote shard /scratch/ug2084/Efficient-AI/labels/base/teacher/dream/gsm8k/teacher_000012.pt (528 examples)
[teacher] dream/gsm8k prompts=300 buf=336 elapsed=6514s
[teacher] wrote shard /scratch/ug2084/Efficient-AI/labels/base/teacher/dream/gsm8k/teacher_000013.pt (528 examples)
[teacher] dream/gsm8k prompts=325 buf=408 elapsed=7055s
[teacher] wrote shard /scratch/ug2084/Efficient-AI/labels/base/teacher/dream/gsm8k/teacher_000014.pt (528 examples)
[teacher] dream/gsm8k prompts=350 buf=480 elapsed=7597s
[teacher] wrote shard /scratch/ug2084/Efficient-AI/labels/base/teacher/dream/gsm8k/teacher_000015.pt (528 examples)
[teacher] wrote shard /scratch/ug2084/Efficient-AI/labels/base/teacher/dream/gsm8k/teacher_000016.pt (528 examples)
[teacher] dream/gsm8k prompts=375 buf=24 elapsed=8144s
[teacher] wrote shard /scratch/ug2084/Efficient-AI/labels/base/teacher/dream/gsm8k/teacher_000017.pt (528 examples)
[teacher] dream/gsm8k prompts=400 buf=96 elapsed=8689s
[teacher] wrote shard /scratch/ug2084/Efficient-AI/labels/base/teacher/dream/gsm8k/teacher_000018.pt (528 examples)
[teacher] dream/gsm8k prompts=425 buf=168 elapsed=9231s
[teacher] wrote shard /scratch/ug2084/Efficient-AI/labels/base/teacher/dream/gsm8k/teacher_000019.pt (528 examples)
[teacher] dream/gsm8k prompts=450 buf=240 elapsed=9777s
[teacher] wrote shard /scratch/ug2084/Efficient-AI/labels/base/teacher/dream/gsm8k/teacher_000020.pt (528 examples)
[teacher] dream/gsm8k prompts=475 buf=312 elapsed=10322s
[teacher] wrote shard /scratch/ug2084/Efficient-AI/labels/base/teacher/dream/gsm8k/teacher_000021.pt (528 examples)
[teacher] dream/gsm8k prompts=500 buf=384 elapsed=10867s
[teacher] wrote final shard /scratch/ug2084/Efficient-AI/labels/base/teacher/dream/gsm8k/teacher_000022.pt (384 examples)
[teacher] done. total prompts=500
