[smoke-base] step 1/3: build_teacher_labels (LLaDA-Base, GSM8K, debug first 30 boundaries)
[teacher] loaded llada; hidden_dim=4096
[teacher] delimiter token-id set size: 76
[teacher] resume: 1 shards on disk, last prompt_id=24, continuing from prompt 25 with shard_idx=1
[teacher] done. total prompts=0
[smoke-base] step 2/3: train predictor (5 epochs)
[train] loading shards from /scratch/ug2084/Efficient-AI/smoke/base/labels/llada/gsm8k/*.pt
[train] train=336 val=64 class_balance={0: 52, 3: 216, 2: 45, 1: 23}
[train] class_weight_mode=none: using uniform CE
[train] epoch=0 step=2 val_loss=1.1510 val_acc=0.6250 val_off1=0.7344 majority=0.6250 gain_over_majority=+0.0000
[train]   val label_dist=[11, 6, 7, 40] pred_dist=[0, 0, 0, 64]
[train] saved new best to /scratch/ug2084/Efficient-AI/smoke/base/ckpt/llada_teacher.pt
[train] epoch=1 step=4 val_loss=1.0970 val_acc=0.6250 val_off1=0.7344 majority=0.6250 gain_over_majority=+0.0000
[train]   val label_dist=[11, 6, 7, 40] pred_dist=[0, 0, 0, 64]
[train] saved new best to /scratch/ug2084/Efficient-AI/smoke/base/ckpt/llada_teacher.pt
[train] epoch=2 step=6 val_loss=1.0936 val_acc=0.6250 val_off1=0.7344 majority=0.6250 gain_over_majority=+0.0000
[train]   val label_dist=[11, 6, 7, 40] pred_dist=[0, 0, 0, 64]
[train] saved new best to /scratch/ug2084/Efficient-AI/smoke/base/ckpt/llada_teacher.pt
[train] epoch=3 step=8 val_loss=1.0810 val_acc=0.6250 val_off1=0.7344 majority=0.6250 gain_over_majority=+0.0000
[train]   val label_dist=[11, 6, 7, 40] pred_dist=[0, 0, 0, 64]
[train] saved new best to /scratch/ug2084/Efficient-AI/smoke/base/ckpt/llada_teacher.pt
[train] epoch=4 step=10 val_loss=1.0670 val_acc=0.6250 val_off1=0.7344 majority=0.6250 gain_over_majority=+0.0000
[train]   val label_dist=[11, 6, 7, 40] pred_dist=[0, 0, 0, 64]
[train] saved new best to /scratch/ug2084/Efficient-AI/smoke/base/ckpt/llada_teacher.pt
[train] done. best_val_loss=1.0670
[smoke-base] step 3/3: eval ours-teacher vs adablock on 15 GSM8K prompts
[eval] wrote /scratch/ug2084/Efficient-AI/smoke/base/results/ours_teacher.json
[eval] wrote /scratch/ug2084/Efficient-AI/smoke/base/results/adablock.json
[smoke-base] done.
  Pass criteria:
    1. Debug-print decoded blocks show real text (not <|endoftext|> padding)
    2. boundaries-per-prompt >= 6 (buf count after 25 prompts >= 150)
    3. ours-teacher and adablock block_size_histograms differ visibly
    4. Eval tokens_per_second differs between the two schedulers
