[oracle] loaded dream; hidden_dim=3584
[oracle] dream/owt prompts=10 buf=240 elapsed=784s
[oracle] dream/owt prompts=20 buf=480 elapsed=1562s
[oracle] wrote shard /scratch/ug2084/Efficient-AI/labels/base/oracle/dream/owt/oracle_000000.pt (528 examples)
[oracle] dream/owt prompts=30 buf=192 elapsed=2339s
[oracle] dream/owt prompts=40 buf=432 elapsed=3111s
[oracle] wrote shard /scratch/ug2084/Efficient-AI/labels/base/oracle/dream/owt/oracle_000001.pt (528 examples)
[oracle] dream/owt prompts=50 buf=144 elapsed=3878s
[oracle] dream/owt prompts=60 buf=384 elapsed=4652s
[oracle] wrote shard /scratch/ug2084/Efficient-AI/labels/base/oracle/dream/owt/oracle_000002.pt (528 examples)
[oracle] dream/owt prompts=70 buf=96 elapsed=5443s
[oracle] dream/owt prompts=80 buf=336 elapsed=6210s
[oracle] wrote shard /scratch/ug2084/Efficient-AI/labels/base/oracle/dream/owt/oracle_000003.pt (528 examples)
[oracle] dream/owt prompts=90 buf=48 elapsed=6976s
[oracle] dream/owt prompts=100 buf=288 elapsed=7749s
[oracle] dream/owt prompts=110 buf=528 elapsed=8515s
[oracle] wrote shard /scratch/ug2084/Efficient-AI/labels/base/oracle/dream/owt/oracle_000004.pt (528 examples)
[oracle] dream/owt prompts=120 buf=240 elapsed=9281s
[oracle] dream/owt prompts=130 buf=480 elapsed=10050s
[oracle] wrote shard /scratch/ug2084/Efficient-AI/labels/base/oracle/dream/owt/oracle_000005.pt (528 examples)
[oracle] dream/owt prompts=140 buf=192 elapsed=10828s
[oracle] dream/owt prompts=150 buf=432 elapsed=11598s
[oracle] wrote shard /scratch/ug2084/Efficient-AI/labels/base/oracle/dream/owt/oracle_000006.pt (528 examples)
[oracle] dream/owt prompts=160 buf=144 elapsed=12370s
[oracle] dream/owt prompts=170 buf=384 elapsed=13141s
[oracle] wrote shard /scratch/ug2084/Efficient-AI/labels/base/oracle/dream/owt/oracle_000007.pt (528 examples)
[oracle] dream/owt prompts=180 buf=96 elapsed=13915s
[oracle] dream/owt prompts=190 buf=336 elapsed=14682s
[oracle] wrote shard /scratch/ug2084/Efficient-AI/labels/base/oracle/dream/owt/oracle_000008.pt (528 examples)
[oracle] dream/owt prompts=200 buf=48 elapsed=15458s
[oracle] dream/owt prompts=210 buf=288 elapsed=16230s
[oracle] dream/owt prompts=220 buf=528 elapsed=17009s
[oracle] wrote shard /scratch/ug2084/Efficient-AI/labels/base/oracle/dream/owt/oracle_000009.pt (528 examples)
[oracle] dream/owt prompts=230 buf=240 elapsed=17780s
[oracle] dream/owt prompts=240 buf=480 elapsed=18554s
[oracle] wrote shard /scratch/ug2084/Efficient-AI/labels/base/oracle/dream/owt/oracle_000010.pt (528 examples)
[oracle] dream/owt prompts=250 buf=192 elapsed=19329s
[oracle] dream/owt prompts=260 buf=432 elapsed=20104s
[oracle] wrote shard /scratch/ug2084/Efficient-AI/labels/base/oracle/dream/owt/oracle_000011.pt (528 examples)
[oracle] dream/owt prompts=270 buf=144 elapsed=20874s
[oracle] dream/owt prompts=280 buf=384 elapsed=21642s
[oracle] wrote shard /scratch/ug2084/Efficient-AI/labels/base/oracle/dream/owt/oracle_000012.pt (528 examples)
[oracle] dream/owt prompts=290 buf=96 elapsed=22416s
[oracle] dream/owt prompts=300 buf=336 elapsed=23187s
[oracle] wrote shard /scratch/ug2084/Efficient-AI/labels/base/oracle/dream/owt/oracle_000013.pt (528 examples)
[oracle] dream/owt prompts=310 buf=48 elapsed=23960s
[oracle] dream/owt prompts=320 buf=288 elapsed=24731s
[oracle] dream/owt prompts=330 buf=528 elapsed=25512s
[oracle] wrote shard /scratch/ug2084/Efficient-AI/labels/base/oracle/dream/owt/oracle_000014.pt (528 examples)
[oracle] dream/owt prompts=340 buf=240 elapsed=26276s
[oracle] dream/owt prompts=350 buf=480 elapsed=27042s
[oracle] wrote shard /scratch/ug2084/Efficient-AI/labels/base/oracle/dream/owt/oracle_000015.pt (528 examples)
[oracle] dream/owt prompts=360 buf=192 elapsed=27818s
[oracle] dream/owt prompts=370 buf=432 elapsed=28586s
[oracle] wrote shard /scratch/ug2084/Efficient-AI/labels/base/oracle/dream/owt/oracle_000016.pt (528 examples)
[oracle] dream/owt prompts=380 buf=144 elapsed=29350s
[oracle] dream/owt prompts=390 buf=384 elapsed=30128s
[oracle] wrote shard /scratch/ug2084/Efficient-AI/labels/base/oracle/dream/owt/oracle_000017.pt (528 examples)
[oracle] dream/owt prompts=400 buf=96 elapsed=30897s
[oracle] dream/owt prompts=410 buf=336 elapsed=31678s
[oracle] wrote shard /scratch/ug2084/Efficient-AI/labels/base/oracle/dream/owt/oracle_000018.pt (528 examples)
[oracle] dream/owt prompts=420 buf=48 elapsed=32446s
[oracle] dream/owt prompts=430 buf=288 elapsed=33223s
[oracle] dream/owt prompts=440 buf=528 elapsed=33992s
[oracle] wrote shard /scratch/ug2084/Efficient-AI/labels/base/oracle/dream/owt/oracle_000019.pt (528 examples)
[oracle] dream/owt prompts=450 buf=240 elapsed=34763s
[oracle] dream/owt prompts=460 buf=480 elapsed=35533s
[oracle] wrote shard /scratch/ug2084/Efficient-AI/labels/base/oracle/dream/owt/oracle_000020.pt (528 examples)
[oracle] dream/owt prompts=470 buf=192 elapsed=36315s
[oracle] dream/owt prompts=480 buf=432 elapsed=37087s
[oracle] wrote shard /scratch/ug2084/Efficient-AI/labels/base/oracle/dream/owt/oracle_000021.pt (528 examples)
[oracle] dream/owt prompts=490 buf=144 elapsed=37859s
[oracle] dream/owt prompts=500 buf=384 elapsed=38636s
[oracle] wrote final shard /scratch/ug2084/Efficient-AI/labels/base/oracle/dream/owt/oracle_000022.pt (384 examples)
[oracle] done. total prompts=500
