[sweep] lambdas=[0.0, 0.005, 0.01, 0.015, 0.02, 0.03, 0.04, 0.05, 0.075, 0.1, 0.2, 0.5, 1.0]
[sweep] loaded 6747 boundaries from oracle shards
[sweep] lambda=0.0 class_balance={0: 1775, 1: 854, 2: 3760, 3: 358}
[sweep] lambda=0.0000 val_acc=0.7785 majority=0.5516 gain=+0.2269 ece=0.0390 pred_dist=[286, 39, 368, 43]
[sweep] lambda=0.005 class_balance={0: 1639, 1: 879, 2: 3796, 3: 433}
[sweep] lambda=0.0050 val_acc=0.7649 majority=0.5571 gain=+0.2079 ece=0.0265 pred_dist=[300, 21, 368, 47]
[sweep] lambda=0.01 class_balance={0: 1549, 1: 888, 2: 3819, 3: 491}
[sweep] lambda=0.0100 val_acc=0.7609 majority=0.5598 gain=+0.2011 ece=0.0125 pred_dist=[275, 35, 368, 58]
[sweep] lambda=0.015 class_balance={0: 1492, 1: 897, 2: 3830, 3: 528}
[sweep] lambda=0.0150 val_acc=0.7622 majority=0.5598 gain=+0.2024 ece=0.0161 pred_dist=[239, 66, 368, 63]
[sweep] lambda=0.02 class_balance={0: 1441, 1: 905, 2: 3839, 3: 562}
[sweep] lambda=0.0200 val_acc=0.7283 majority=0.5625 gain=+0.1658 ece=0.0283 pred_dist=[162, 137, 368, 69]
[sweep] lambda=0.03 class_balance={0: 1362, 1: 907, 2: 3874, 3: 604}
[sweep] lambda=0.0300 val_acc=0.7296 majority=0.5666 gain=+0.1630 ece=0.0329 pred_dist=[174, 158, 369, 35]
[sweep] lambda=0.04 class_balance={0: 1305, 1: 916, 2: 3894, 3: 632}
[sweep] lambda=0.0400 val_acc=0.7255 majority=0.5707 gain=+0.1549 ece=0.0316 pred_dist=[173, 128, 369, 66]
[sweep] lambda=0.05 class_balance={0: 1250, 1: 930, 2: 3906, 3: 661}
[sweep] lambda=0.0500 val_acc=0.7364 majority=0.5720 gain=+0.1644 ece=0.0199 pred_dist=[194, 109, 369, 64]
[sweep] lambda=0.075 class_balance={0: 1178, 1: 915, 2: 3943, 3: 711}
[sweep] lambda=0.0750 val_acc=0.7160 majority=0.5788 gain=+0.1372 ece=0.0526 pred_dist=[162, 147, 370, 57]
[sweep] lambda=0.1 class_balance={0: 1112, 1: 916, 2: 3959, 3: 760}
[sweep] lambda=0.1000 val_acc=0.7174 majority=0.5815 gain=+0.1359 ece=0.0509 pred_dist=[196, 102, 369, 69]
[sweep] lambda=0.2 class_balance={0: 950, 1: 877, 2: 4031, 3: 889}
[sweep] lambda=0.2000 val_acc=0.6916 majority=0.6033 gain=+0.0883 ece=0.0922 pred_dist=[78, 167, 371, 120]
[sweep] lambda=0.5 class_balance={0: 688, 1: 821, 2: 4138, 3: 1100}
[sweep] lambda=0.5000 val_acc=0.6807 majority=0.6304 gain=+0.0503 ece=0.1094 pred_dist=[50, 146, 371, 169]
[sweep] lambda=1.0 class_balance={0: 394, 1: 713, 2: 4214, 3: 1426}
[sweep] lambda=1.0000 val_acc=0.6916 majority=0.6372 gain=+0.0543 ece=0.0787 pred_dist=[50, 134, 369, 183]
[sweep] wrote /scratch/ab13091/Efficient-AI/results/lambda_sweep_llada_oracle.json
[sweep] BEST: lambda=0.0 gain=+0.2269 ece=0.0390
