[teacher] loaded llada; hidden_dim=4096
[teacher] delimiter token-id set size: 76
[teacher] llada/gsm8k prompts=25 buf=25 elapsed=45s
[teacher] llada/gsm8k prompts=50 buf=50 elapsed=86s
[teacher] llada/gsm8k prompts=75 buf=75 elapsed=127s
[teacher] llada/gsm8k prompts=100 buf=100 elapsed=168s
[teacher] llada/gsm8k prompts=125 buf=125 elapsed=209s
[teacher] llada/gsm8k prompts=150 buf=150 elapsed=250s
[teacher] llada/gsm8k prompts=175 buf=175 elapsed=290s
[teacher] llada/gsm8k prompts=200 buf=200 elapsed=330s
[teacher] llada/gsm8k prompts=225 buf=225 elapsed=370s
[teacher] llada/gsm8k prompts=250 buf=250 elapsed=411s
[teacher] llada/gsm8k prompts=275 buf=275 elapsed=451s
[teacher] llada/gsm8k prompts=300 buf=300 elapsed=491s
[teacher] llada/gsm8k prompts=325 buf=325 elapsed=532s
[teacher] llada/gsm8k prompts=350 buf=350 elapsed=572s
[teacher] llada/gsm8k prompts=375 buf=375 elapsed=613s
[teacher] llada/gsm8k prompts=400 buf=400 elapsed=653s
[teacher] llada/gsm8k prompts=425 buf=425 elapsed=693s
[teacher] llada/gsm8k prompts=450 buf=450 elapsed=734s
[teacher] llada/gsm8k prompts=475 buf=475 elapsed=774s
[teacher] llada/gsm8k prompts=500 buf=500 elapsed=815s
[teacher] wrote shard /scratch/ab13091/Efficient-AI/labels/teacher/llada/gsm8k/teacher_000000.pt (512 examples)
[teacher] llada/gsm8k prompts=525 buf=13 elapsed=855s
[teacher] llada/gsm8k prompts=550 buf=38 elapsed=896s
[teacher] llada/gsm8k prompts=575 buf=63 elapsed=936s
[teacher] llada/gsm8k prompts=600 buf=88 elapsed=977s
[teacher] llada/gsm8k prompts=625 buf=113 elapsed=1017s
[teacher] llada/gsm8k prompts=650 buf=138 elapsed=1057s
[teacher] llada/gsm8k prompts=675 buf=163 elapsed=1096s
[teacher] llada/gsm8k prompts=700 buf=188 elapsed=1135s
[teacher] llada/gsm8k prompts=725 buf=213 elapsed=1174s
[teacher] llada/gsm8k prompts=750 buf=238 elapsed=1214s
[teacher] llada/gsm8k prompts=775 buf=263 elapsed=1253s
[teacher] llada/gsm8k prompts=800 buf=288 elapsed=1292s
[teacher] llada/gsm8k prompts=825 buf=313 elapsed=1332s
[teacher] llada/gsm8k prompts=850 buf=338 elapsed=1371s
[teacher] llada/gsm8k prompts=875 buf=363 elapsed=1410s
[teacher] llada/gsm8k prompts=900 buf=388 elapsed=1449s
[teacher] llada/gsm8k prompts=925 buf=413 elapsed=1488s
[teacher] llada/gsm8k prompts=950 buf=438 elapsed=1527s
[teacher] llada/gsm8k prompts=975 buf=463 elapsed=1565s
[teacher] llada/gsm8k prompts=1000 buf=488 elapsed=1604s
[teacher] wrote shard /scratch/ab13091/Efficient-AI/labels/teacher/llada/gsm8k/teacher_000001.pt (512 examples)
[teacher] llada/gsm8k prompts=1025 buf=1 elapsed=1643s
[teacher] llada/gsm8k prompts=1050 buf=26 elapsed=1682s
[teacher] llada/gsm8k prompts=1075 buf=51 elapsed=1721s
[teacher] llada/gsm8k prompts=1100 buf=76 elapsed=1760s
[teacher] llada/gsm8k prompts=1125 buf=101 elapsed=1799s
[teacher] llada/gsm8k prompts=1150 buf=126 elapsed=1837s
[teacher] llada/gsm8k prompts=1175 buf=151 elapsed=1876s
[teacher] llada/gsm8k prompts=1200 buf=176 elapsed=1915s
[teacher] llada/gsm8k prompts=1225 buf=201 elapsed=1954s
[teacher] llada/gsm8k prompts=1250 buf=226 elapsed=1993s
[teacher] llada/gsm8k prompts=1275 buf=251 elapsed=2032s
[teacher] llada/gsm8k prompts=1300 buf=276 elapsed=2071s
[teacher] llada/gsm8k prompts=1325 buf=301 elapsed=2110s
[teacher] llada/gsm8k prompts=1350 buf=326 elapsed=2149s
[teacher] llada/gsm8k prompts=1375 buf=351 elapsed=2188s
[teacher] llada/gsm8k prompts=1400 buf=376 elapsed=2227s
[teacher] llada/gsm8k prompts=1425 buf=401 elapsed=2266s
[teacher] llada/gsm8k prompts=1450 buf=426 elapsed=2305s
[teacher] llada/gsm8k prompts=1475 buf=451 elapsed=2344s
[teacher] llada/gsm8k prompts=1500 buf=476 elapsed=2383s
[teacher] llada/gsm8k prompts=1525 buf=501 elapsed=2421s
[teacher] wrote shard /scratch/ab13091/Efficient-AI/labels/teacher/llada/gsm8k/teacher_000002.pt (512 examples)
[teacher] llada/gsm8k prompts=1550 buf=14 elapsed=2461s
[teacher] llada/gsm8k prompts=1575 buf=39 elapsed=2499s
[teacher] llada/gsm8k prompts=1600 buf=64 elapsed=2538s
[teacher] llada/gsm8k prompts=1625 buf=89 elapsed=2577s
[teacher] llada/gsm8k prompts=1650 buf=114 elapsed=2616s
[teacher] llada/gsm8k prompts=1675 buf=139 elapsed=2655s
[teacher] llada/gsm8k prompts=1700 buf=164 elapsed=2694s
[teacher] llada/gsm8k prompts=1725 buf=189 elapsed=2733s
[teacher] llada/gsm8k prompts=1750 buf=214 elapsed=2772s
[teacher] llada/gsm8k prompts=1775 buf=239 elapsed=2811s
[teacher] llada/gsm8k prompts=1800 buf=264 elapsed=2850s
[teacher] llada/gsm8k prompts=1825 buf=289 elapsed=2888s
[teacher] llada/gsm8k prompts=1850 buf=314 elapsed=2927s
[teacher] llada/gsm8k prompts=1875 buf=339 elapsed=2966s
[teacher] llada/gsm8k prompts=1900 buf=364 elapsed=3005s
[teacher] llada/gsm8k prompts=1925 buf=389 elapsed=3044s
[teacher] llada/gsm8k prompts=1950 buf=414 elapsed=3083s
[teacher] llada/gsm8k prompts=1975 buf=439 elapsed=3122s
[teacher] llada/gsm8k prompts=2000 buf=464 elapsed=3161s
[teacher] llada/gsm8k prompts=2025 buf=489 elapsed=3200s
[teacher] wrote shard /scratch/ab13091/Efficient-AI/labels/teacher/llada/gsm8k/teacher_000003.pt (512 examples)
[teacher] llada/gsm8k prompts=2050 buf=2 elapsed=3239s
[teacher] llada/gsm8k prompts=2075 buf=27 elapsed=3278s
[teacher] llada/gsm8k prompts=2100 buf=52 elapsed=3317s
[teacher] llada/gsm8k prompts=2125 buf=77 elapsed=3356s
[teacher] llada/gsm8k prompts=2150 buf=102 elapsed=3394s
[teacher] llada/gsm8k prompts=2175 buf=127 elapsed=3433s
[teacher] llada/gsm8k prompts=2200 buf=152 elapsed=3473s
[teacher] llada/gsm8k prompts=2225 buf=177 elapsed=3511s
[teacher] llada/gsm8k prompts=2250 buf=202 elapsed=3550s
[teacher] llada/gsm8k prompts=2275 buf=227 elapsed=3589s
[teacher] llada/gsm8k prompts=2300 buf=252 elapsed=3628s
[teacher] llada/gsm8k prompts=2325 buf=277 elapsed=3667s
[teacher] llada/gsm8k prompts=2350 buf=302 elapsed=3706s
[teacher] llada/gsm8k prompts=2375 buf=327 elapsed=3745s
[teacher] llada/gsm8k prompts=2400 buf=352 elapsed=3783s
[teacher] llada/gsm8k prompts=2425 buf=377 elapsed=3822s
[teacher] llada/gsm8k prompts=2450 buf=402 elapsed=3861s
[teacher] llada/gsm8k prompts=2475 buf=427 elapsed=3900s
[teacher] llada/gsm8k prompts=2500 buf=452 elapsed=3939s
[teacher] llada/gsm8k prompts=2525 buf=477 elapsed=3978s
[teacher] llada/gsm8k prompts=2550 buf=502 elapsed=4018s
[teacher] wrote shard /scratch/ab13091/Efficient-AI/labels/teacher/llada/gsm8k/teacher_000004.pt (512 examples)
[teacher] llada/gsm8k prompts=2575 buf=15 elapsed=4057s
[teacher] llada/gsm8k prompts=2600 buf=40 elapsed=4096s
[teacher] llada/gsm8k prompts=2625 buf=65 elapsed=4135s
[teacher] llada/gsm8k prompts=2650 buf=90 elapsed=4174s
[teacher] llada/gsm8k prompts=2675 buf=115 elapsed=4213s
[teacher] llada/gsm8k prompts=2700 buf=140 elapsed=4252s
[teacher] llada/gsm8k prompts=2725 buf=165 elapsed=4291s
[teacher] llada/gsm8k prompts=2750 buf=190 elapsed=4329s
[teacher] llada/gsm8k prompts=2775 buf=215 elapsed=4368s
[teacher] llada/gsm8k prompts=2800 buf=240 elapsed=4407s
[teacher] llada/gsm8k prompts=2825 buf=265 elapsed=4446s
[teacher] llada/gsm8k prompts=2850 buf=290 elapsed=4485s
[teacher] llada/gsm8k prompts=2875 buf=315 elapsed=4524s
[teacher] llada/gsm8k prompts=2900 buf=340 elapsed=4562s
[teacher] llada/gsm8k prompts=2925 buf=365 elapsed=4601s
[teacher] llada/gsm8k prompts=2950 buf=390 elapsed=4640s
[teacher] llada/gsm8k prompts=2975 buf=415 elapsed=4679s
[teacher] llada/gsm8k prompts=3000 buf=440 elapsed=4717s
[teacher] llada/gsm8k prompts=3025 buf=465 elapsed=4756s
[teacher] llada/gsm8k prompts=3050 buf=490 elapsed=4795s
[teacher] wrote shard /scratch/ab13091/Efficient-AI/labels/teacher/llada/gsm8k/teacher_000005.pt (512 examples)
[teacher] llada/gsm8k prompts=3075 buf=3 elapsed=4834s
[teacher] llada/gsm8k prompts=3100 buf=28 elapsed=4873s
[teacher] llada/gsm8k prompts=3125 buf=53 elapsed=4912s
[teacher] llada/gsm8k prompts=3150 buf=78 elapsed=4951s
[teacher] llada/gsm8k prompts=3175 buf=103 elapsed=4990s
[teacher] llada/gsm8k prompts=3200 buf=128 elapsed=5028s
[teacher] llada/gsm8k prompts=3225 buf=153 elapsed=5067s
[teacher] llada/gsm8k prompts=3250 buf=178 elapsed=5105s
[teacher] llada/gsm8k prompts=3275 buf=203 elapsed=5144s
[teacher] llada/gsm8k prompts=3300 buf=228 elapsed=5183s
[teacher] llada/gsm8k prompts=3325 buf=253 elapsed=5222s
[teacher] llada/gsm8k prompts=3350 buf=278 elapsed=5261s
[teacher] llada/gsm8k prompts=3375 buf=303 elapsed=5300s
[teacher] llada/gsm8k prompts=3400 buf=328 elapsed=5339s
[teacher] llada/gsm8k prompts=3425 buf=353 elapsed=5378s
[teacher] llada/gsm8k prompts=3450 buf=378 elapsed=5417s
[teacher] llada/gsm8k prompts=3475 buf=403 elapsed=5455s
[teacher] llada/gsm8k prompts=3500 buf=428 elapsed=5494s
[teacher] llada/gsm8k prompts=3525 buf=453 elapsed=5533s
[teacher] llada/gsm8k prompts=3550 buf=478 elapsed=5571s
[teacher] llada/gsm8k prompts=3575 buf=503 elapsed=5610s
[teacher] wrote shard /scratch/ab13091/Efficient-AI/labels/teacher/llada/gsm8k/teacher_000006.pt (512 examples)
[teacher] llada/gsm8k prompts=3600 buf=16 elapsed=5649s
[teacher] llada/gsm8k prompts=3625 buf=41 elapsed=5687s
[teacher] llada/gsm8k prompts=3650 buf=66 elapsed=5726s
[teacher] llada/gsm8k prompts=3675 buf=91 elapsed=5765s
[teacher] llada/gsm8k prompts=3700 buf=116 elapsed=5804s
[teacher] llada/gsm8k prompts=3725 buf=141 elapsed=5843s
[teacher] llada/gsm8k prompts=3750 buf=166 elapsed=5882s
[teacher] llada/gsm8k prompts=3775 buf=191 elapsed=5920s
[teacher] llada/gsm8k prompts=3800 buf=216 elapsed=5959s
[teacher] llada/gsm8k prompts=3825 buf=241 elapsed=5998s
[teacher] llada/gsm8k prompts=3850 buf=266 elapsed=6037s
[teacher] llada/gsm8k prompts=3875 buf=291 elapsed=6076s
[teacher] llada/gsm8k prompts=3900 buf=316 elapsed=6115s
[teacher] llada/gsm8k prompts=3925 buf=341 elapsed=6154s
[teacher] llada/gsm8k prompts=3950 buf=366 elapsed=6193s
[teacher] llada/gsm8k prompts=3975 buf=391 elapsed=6231s
[teacher] llada/gsm8k prompts=4000 buf=416 elapsed=6270s
[teacher] llada/gsm8k prompts=4025 buf=441 elapsed=6309s
[teacher] llada/gsm8k prompts=4050 buf=466 elapsed=6348s
[teacher] llada/gsm8k prompts=4075 buf=491 elapsed=6387s
[teacher] wrote shard /scratch/ab13091/Efficient-AI/labels/teacher/llada/gsm8k/teacher_000007.pt (512 examples)
[teacher] llada/gsm8k prompts=4100 buf=4 elapsed=6426s
[teacher] llada/gsm8k prompts=4125 buf=29 elapsed=6465s
[teacher] llada/gsm8k prompts=4150 buf=54 elapsed=6505s
[teacher] llada/gsm8k prompts=4175 buf=79 elapsed=6544s
[teacher] llada/gsm8k prompts=4200 buf=104 elapsed=6583s
[teacher] llada/gsm8k prompts=4225 buf=129 elapsed=6622s
[teacher] llada/gsm8k prompts=4250 buf=154 elapsed=6661s
[teacher] llada/gsm8k prompts=4275 buf=179 elapsed=6700s
[teacher] llada/gsm8k prompts=4300 buf=204 elapsed=6739s
[teacher] llada/gsm8k prompts=4325 buf=229 elapsed=6778s
[teacher] llada/gsm8k prompts=4350 buf=254 elapsed=6816s
[teacher] llada/gsm8k prompts=4375 buf=279 elapsed=6855s
[teacher] llada/gsm8k prompts=4400 buf=304 elapsed=6894s
[teacher] llada/gsm8k prompts=4425 buf=329 elapsed=6933s
[teacher] llada/gsm8k prompts=4450 buf=354 elapsed=6972s
[teacher] llada/gsm8k prompts=4475 buf=379 elapsed=7011s
[teacher] llada/gsm8k prompts=4500 buf=404 elapsed=7050s
[teacher] llada/gsm8k prompts=4525 buf=429 elapsed=7089s
[teacher] llada/gsm8k prompts=4550 buf=454 elapsed=7128s
[teacher] llada/gsm8k prompts=4575 buf=479 elapsed=7167s
[teacher] llada/gsm8k prompts=4600 buf=504 elapsed=7206s
[teacher] wrote shard /scratch/ab13091/Efficient-AI/labels/teacher/llada/gsm8k/teacher_000008.pt (512 examples)
[teacher] llada/gsm8k prompts=4625 buf=17 elapsed=7245s
[teacher] llada/gsm8k prompts=4650 buf=42 elapsed=7283s
[teacher] llada/gsm8k prompts=4675 buf=67 elapsed=7322s
[teacher] llada/gsm8k prompts=4700 buf=92 elapsed=7361s
[teacher] llada/gsm8k prompts=4725 buf=117 elapsed=7400s
[teacher] llada/gsm8k prompts=4750 buf=142 elapsed=7439s
[teacher] llada/gsm8k prompts=4775 buf=167 elapsed=7478s
[teacher] llada/gsm8k prompts=4800 buf=192 elapsed=7516s
[teacher] llada/gsm8k prompts=4825 buf=217 elapsed=7555s
[teacher] llada/gsm8k prompts=4850 buf=242 elapsed=7594s
[teacher] llada/gsm8k prompts=4875 buf=267 elapsed=7633s
[teacher] llada/gsm8k prompts=4900 buf=292 elapsed=7672s
[teacher] llada/gsm8k prompts=4925 buf=317 elapsed=7710s
[teacher] llada/gsm8k prompts=4950 buf=342 elapsed=7749s
[teacher] llada/gsm8k prompts=4975 buf=367 elapsed=7788s
[teacher] llada/gsm8k prompts=5000 buf=392 elapsed=7828s
[teacher] wrote final shard /scratch/ab13091/Efficient-AI/labels/teacher/llada/gsm8k/teacher_000009.pt (392 examples)
[teacher] done. total prompts=5000
