[teacher] loaded dream; hidden_dim=3584
[teacher] delimiter token-id set size: 177
[teacher] wrote shard /scratch/ug2084/Efficient-AI/labels/base/teacher/dream/math/teacher_000000.pt (528 examples)
[teacher] dream/math prompts=25 buf=72 elapsed=435s
[teacher] wrote shard /scratch/ug2084/Efficient-AI/labels/base/teacher/dream/math/teacher_000001.pt (528 examples)
[teacher] dream/math prompts=50 buf=144 elapsed=852s
[teacher] wrote shard /scratch/ug2084/Efficient-AI/labels/base/teacher/dream/math/teacher_000002.pt (528 examples)
[teacher] dream/math prompts=75 buf=216 elapsed=1305s
[teacher] wrote shard /scratch/ug2084/Efficient-AI/labels/base/teacher/dream/math/teacher_000003.pt (528 examples)
[teacher] dream/math prompts=100 buf=288 elapsed=1720s
[teacher] wrote shard /scratch/ug2084/Efficient-AI/labels/base/teacher/dream/math/teacher_000004.pt (528 examples)
[teacher] dream/math prompts=125 buf=360 elapsed=2142s
[teacher] wrote shard /scratch/ug2084/Efficient-AI/labels/base/teacher/dream/math/teacher_000005.pt (528 examples)
[teacher] dream/math prompts=150 buf=432 elapsed=2552s
[teacher] wrote shard /scratch/ug2084/Efficient-AI/labels/base/teacher/dream/math/teacher_000006.pt (528 examples)
[teacher] dream/math prompts=175 buf=504 elapsed=2961s
[teacher] wrote shard /scratch/ug2084/Efficient-AI/labels/base/teacher/dream/math/teacher_000007.pt (528 examples)
[teacher] wrote shard /scratch/ug2084/Efficient-AI/labels/base/teacher/dream/math/teacher_000008.pt (528 examples)
[teacher] dream/math prompts=200 buf=48 elapsed=3393s
[teacher] wrote shard /scratch/ug2084/Efficient-AI/labels/base/teacher/dream/math/teacher_000009.pt (528 examples)
[teacher] dream/math prompts=225 buf=120 elapsed=3800s
[teacher] wrote shard /scratch/ug2084/Efficient-AI/labels/base/teacher/dream/math/teacher_000010.pt (528 examples)
[teacher] dream/math prompts=250 buf=192 elapsed=4210s
[teacher] wrote shard /scratch/ug2084/Efficient-AI/labels/base/teacher/dream/math/teacher_000011.pt (528 examples)
[teacher] dream/math prompts=275 buf=264 elapsed=4632s
[teacher] wrote shard /scratch/ug2084/Efficient-AI/labels/base/teacher/dream/math/teacher_000012.pt (528 examples)
[teacher] dream/math prompts=300 buf=336 elapsed=5039s
[teacher] wrote shard /scratch/ug2084/Efficient-AI/labels/base/teacher/dream/math/teacher_000013.pt (528 examples)
[teacher] dream/math prompts=325 buf=408 elapsed=5451s
[teacher] wrote shard /scratch/ug2084/Efficient-AI/labels/base/teacher/dream/math/teacher_000014.pt (528 examples)
[teacher] dream/math prompts=350 buf=480 elapsed=5863s
[teacher] wrote shard /scratch/ug2084/Efficient-AI/labels/base/teacher/dream/math/teacher_000015.pt (528 examples)
[teacher] wrote shard /scratch/ug2084/Efficient-AI/labels/base/teacher/dream/math/teacher_000016.pt (528 examples)
[teacher] dream/math prompts=375 buf=24 elapsed=6302s
[teacher] wrote shard /scratch/ug2084/Efficient-AI/labels/base/teacher/dream/math/teacher_000017.pt (528 examples)
[teacher] dream/math prompts=400 buf=96 elapsed=6711s
[teacher] wrote shard /scratch/ug2084/Efficient-AI/labels/base/teacher/dream/math/teacher_000018.pt (528 examples)
[teacher] dream/math prompts=425 buf=168 elapsed=7169s
[teacher] wrote shard /scratch/ug2084/Efficient-AI/labels/base/teacher/dream/math/teacher_000019.pt (528 examples)
[teacher] dream/math prompts=450 buf=240 elapsed=7599s
[teacher] wrote shard /scratch/ug2084/Efficient-AI/labels/base/teacher/dream/math/teacher_000020.pt (528 examples)
[teacher] dream/math prompts=475 buf=312 elapsed=8014s
[teacher] wrote shard /scratch/ug2084/Efficient-AI/labels/base/teacher/dream/math/teacher_000021.pt (528 examples)
[teacher] dream/math prompts=500 buf=384 elapsed=8443s
[teacher] wrote final shard /scratch/ug2084/Efficient-AI/labels/base/teacher/dream/math/teacher_000022.pt (384 examples)
[teacher] done. total prompts=500
