[teacher] loaded dream; hidden_dim=3584
[teacher] delimiter token-id set size: 177
[teacher] wrote shard /scratch/ug2084/Efficient-AI/labels/base/teacher/dream/owt/teacher_000000.pt (528 examples)
[teacher] dream/owt prompts=25 buf=72 elapsed=449s
[teacher] wrote shard /scratch/ug2084/Efficient-AI/labels/base/teacher/dream/owt/teacher_000001.pt (528 examples)
[teacher] dream/owt prompts=50 buf=144 elapsed=896s
[teacher] wrote shard /scratch/ug2084/Efficient-AI/labels/base/teacher/dream/owt/teacher_000002.pt (528 examples)
[teacher] dream/owt prompts=75 buf=216 elapsed=1345s
[teacher] wrote shard /scratch/ug2084/Efficient-AI/labels/base/teacher/dream/owt/teacher_000003.pt (528 examples)
[teacher] dream/owt prompts=100 buf=288 elapsed=1784s
[teacher] wrote shard /scratch/ug2084/Efficient-AI/labels/base/teacher/dream/owt/teacher_000004.pt (528 examples)
[teacher] dream/owt prompts=125 buf=360 elapsed=2222s
[teacher] wrote shard /scratch/ug2084/Efficient-AI/labels/base/teacher/dream/owt/teacher_000005.pt (528 examples)
[teacher] dream/owt prompts=150 buf=432 elapsed=2661s
[teacher] wrote shard /scratch/ug2084/Efficient-AI/labels/base/teacher/dream/owt/teacher_000006.pt (528 examples)
[teacher] dream/owt prompts=175 buf=504 elapsed=3100s
[teacher] wrote shard /scratch/ug2084/Efficient-AI/labels/base/teacher/dream/owt/teacher_000007.pt (528 examples)
[teacher] wrote shard /scratch/ug2084/Efficient-AI/labels/base/teacher/dream/owt/teacher_000008.pt (528 examples)
[teacher] dream/owt prompts=200 buf=48 elapsed=3539s
[teacher] wrote shard /scratch/ug2084/Efficient-AI/labels/base/teacher/dream/owt/teacher_000009.pt (528 examples)
[teacher] dream/owt prompts=225 buf=120 elapsed=3979s
[teacher] wrote shard /scratch/ug2084/Efficient-AI/labels/base/teacher/dream/owt/teacher_000010.pt (528 examples)
[teacher] dream/owt prompts=250 buf=192 elapsed=4420s
[teacher] wrote shard /scratch/ug2084/Efficient-AI/labels/base/teacher/dream/owt/teacher_000011.pt (528 examples)
[teacher] dream/owt prompts=275 buf=264 elapsed=4859s
[teacher] wrote shard /scratch/ug2084/Efficient-AI/labels/base/teacher/dream/owt/teacher_000012.pt (528 examples)
[teacher] dream/owt prompts=300 buf=336 elapsed=5297s
[teacher] wrote shard /scratch/ug2084/Efficient-AI/labels/base/teacher/dream/owt/teacher_000013.pt (528 examples)
[teacher] dream/owt prompts=325 buf=408 elapsed=5736s
[teacher] wrote shard /scratch/ug2084/Efficient-AI/labels/base/teacher/dream/owt/teacher_000014.pt (528 examples)
[teacher] dream/owt prompts=350 buf=480 elapsed=6174s
[teacher] wrote shard /scratch/ug2084/Efficient-AI/labels/base/teacher/dream/owt/teacher_000015.pt (528 examples)
[teacher] wrote shard /scratch/ug2084/Efficient-AI/labels/base/teacher/dream/owt/teacher_000016.pt (528 examples)
[teacher] dream/owt prompts=375 buf=24 elapsed=6613s
[teacher] wrote shard /scratch/ug2084/Efficient-AI/labels/base/teacher/dream/owt/teacher_000017.pt (528 examples)
[teacher] dream/owt prompts=400 buf=96 elapsed=7051s
[teacher] wrote shard /scratch/ug2084/Efficient-AI/labels/base/teacher/dream/owt/teacher_000018.pt (528 examples)
[teacher] dream/owt prompts=425 buf=168 elapsed=7492s
[teacher] wrote shard /scratch/ug2084/Efficient-AI/labels/base/teacher/dream/owt/teacher_000019.pt (528 examples)
[teacher] dream/owt prompts=450 buf=240 elapsed=7932s
[teacher] wrote shard /scratch/ug2084/Efficient-AI/labels/base/teacher/dream/owt/teacher_000020.pt (528 examples)
[teacher] dream/owt prompts=475 buf=312 elapsed=8373s
[teacher] wrote shard /scratch/ug2084/Efficient-AI/labels/base/teacher/dream/owt/teacher_000021.pt (528 examples)
[teacher] dream/owt prompts=500 buf=384 elapsed=8813s
[teacher] wrote final shard /scratch/ug2084/Efficient-AI/labels/base/teacher/dream/owt/teacher_000022.pt (384 examples)
[teacher] done. total prompts=500
