[teacher] loaded llada; hidden_dim=4096
[teacher] delimiter token-id set size: 76
[teacher] resume: 6 shards on disk, last prompt_id=131, continuing from prompt 132 with shard_idx=6
[teacher] wrote shard /scratch/ug2084/Efficient-AI/labels/base/teacher/llada/gsm8k/teacher_000006.pt (528 examples)
[teacher] llada/gsm8k prompts=25 buf=72 elapsed=698s
[teacher] wrote shard /scratch/ug2084/Efficient-AI/labels/base/teacher/llada/gsm8k/teacher_000007.pt (528 examples)
[teacher] llada/gsm8k prompts=50 buf=144 elapsed=1404s
[teacher] wrote shard /scratch/ug2084/Efficient-AI/labels/base/teacher/llada/gsm8k/teacher_000008.pt (528 examples)
[teacher] llada/gsm8k prompts=75 buf=216 elapsed=2103s
[teacher] wrote shard /scratch/ug2084/Efficient-AI/labels/base/teacher/llada/gsm8k/teacher_000009.pt (528 examples)
[teacher] llada/gsm8k prompts=100 buf=288 elapsed=2802s
[teacher] wrote shard /scratch/ug2084/Efficient-AI/labels/base/teacher/llada/gsm8k/teacher_000010.pt (528 examples)
[teacher] llada/gsm8k prompts=125 buf=360 elapsed=3509s
[teacher] wrote shard /scratch/ug2084/Efficient-AI/labels/base/teacher/llada/gsm8k/teacher_000011.pt (528 examples)
[teacher] llada/gsm8k prompts=150 buf=432 elapsed=4205s
[teacher] wrote shard /scratch/ug2084/Efficient-AI/labels/base/teacher/llada/gsm8k/teacher_000012.pt (528 examples)
[teacher] llada/gsm8k prompts=175 buf=504 elapsed=4903s
[teacher] wrote shard /scratch/ug2084/Efficient-AI/labels/base/teacher/llada/gsm8k/teacher_000013.pt (528 examples)
[teacher] wrote shard /scratch/ug2084/Efficient-AI/labels/base/teacher/llada/gsm8k/teacher_000014.pt (528 examples)
[teacher] llada/gsm8k prompts=200 buf=48 elapsed=5597s
[teacher] wrote shard /scratch/ug2084/Efficient-AI/labels/base/teacher/llada/gsm8k/teacher_000015.pt (528 examples)
[teacher] llada/gsm8k prompts=225 buf=120 elapsed=6298s
[teacher] wrote shard /scratch/ug2084/Efficient-AI/labels/base/teacher/llada/gsm8k/teacher_000016.pt (528 examples)
[teacher] llada/gsm8k prompts=250 buf=192 elapsed=7000s
[teacher] wrote shard /scratch/ug2084/Efficient-AI/labels/base/teacher/llada/gsm8k/teacher_000017.pt (528 examples)
[teacher] llada/gsm8k prompts=275 buf=264 elapsed=7712s
[teacher] wrote shard /scratch/ug2084/Efficient-AI/labels/base/teacher/llada/gsm8k/teacher_000018.pt (528 examples)
[teacher] llada/gsm8k prompts=300 buf=336 elapsed=8413s
[teacher] wrote shard /scratch/ug2084/Efficient-AI/labels/base/teacher/llada/gsm8k/teacher_000019.pt (528 examples)
[teacher] llada/gsm8k prompts=325 buf=408 elapsed=9112s
[teacher] wrote shard /scratch/ug2084/Efficient-AI/labels/base/teacher/llada/gsm8k/teacher_000020.pt (528 examples)
[teacher] llada/gsm8k prompts=350 buf=480 elapsed=9813s
[teacher] wrote shard /scratch/ug2084/Efficient-AI/labels/base/teacher/llada/gsm8k/teacher_000021.pt (528 examples)
[teacher] wrote final shard /scratch/ug2084/Efficient-AI/labels/base/teacher/llada/gsm8k/teacher_000022.pt (384 examples)
[teacher] done. total prompts=368
