[teacher] loaded llada; hidden_dim=4096
[teacher] delimiter token-id set size: 76
[teacher] resume: 8 shards on disk, last prompt_id=175, continuing from prompt 176 with shard_idx=8
[teacher] wrote shard /scratch/ug2084/Efficient-AI/labels/base/teacher/llada/owt/teacher_000008.pt (528 examples)
[teacher] llada/owt prompts=25 buf=72 elapsed=515s
[teacher] wrote shard /scratch/ug2084/Efficient-AI/labels/base/teacher/llada/owt/teacher_000009.pt (528 examples)
[teacher] llada/owt prompts=50 buf=144 elapsed=1027s
[teacher] wrote shard /scratch/ug2084/Efficient-AI/labels/base/teacher/llada/owt/teacher_000010.pt (528 examples)
[teacher] llada/owt prompts=75 buf=216 elapsed=1531s
[teacher] wrote shard /scratch/ug2084/Efficient-AI/labels/base/teacher/llada/owt/teacher_000011.pt (528 examples)
[teacher] llada/owt prompts=100 buf=288 elapsed=2028s
[teacher] wrote shard /scratch/ug2084/Efficient-AI/labels/base/teacher/llada/owt/teacher_000012.pt (528 examples)
[teacher] llada/owt prompts=125 buf=360 elapsed=2524s
[teacher] wrote shard /scratch/ug2084/Efficient-AI/labels/base/teacher/llada/owt/teacher_000013.pt (528 examples)
[teacher] llada/owt prompts=150 buf=432 elapsed=3021s
[teacher] wrote shard /scratch/ug2084/Efficient-AI/labels/base/teacher/llada/owt/teacher_000014.pt (528 examples)
[teacher] llada/owt prompts=175 buf=504 elapsed=3515s
[teacher] wrote shard /scratch/ug2084/Efficient-AI/labels/base/teacher/llada/owt/teacher_000015.pt (528 examples)
[teacher] wrote shard /scratch/ug2084/Efficient-AI/labels/base/teacher/llada/owt/teacher_000016.pt (528 examples)
[teacher] llada/owt prompts=200 buf=48 elapsed=4009s
[teacher] wrote shard /scratch/ug2084/Efficient-AI/labels/base/teacher/llada/owt/teacher_000017.pt (528 examples)
[teacher] llada/owt prompts=225 buf=120 elapsed=4507s
[teacher] wrote shard /scratch/ug2084/Efficient-AI/labels/base/teacher/llada/owt/teacher_000018.pt (528 examples)
[teacher] llada/owt prompts=250 buf=192 elapsed=5006s
[teacher] wrote shard /scratch/ug2084/Efficient-AI/labels/base/teacher/llada/owt/teacher_000019.pt (528 examples)
[teacher] llada/owt prompts=275 buf=264 elapsed=5502s
[teacher] wrote shard /scratch/ug2084/Efficient-AI/labels/base/teacher/llada/owt/teacher_000020.pt (528 examples)
[teacher] llada/owt prompts=300 buf=336 elapsed=5999s
[teacher] wrote shard /scratch/ug2084/Efficient-AI/labels/base/teacher/llada/owt/teacher_000021.pt (528 examples)
[teacher] wrote final shard /scratch/ug2084/Efficient-AI/labels/base/teacher/llada/owt/teacher_000022.pt (384 examples)
[teacher] done. total prompts=324
