[teacher] loaded llada; hidden_dim=4096
[teacher] delimiter token-id set size: 76
[teacher] llada/math prompts=25 buf=25 elapsed=45s
[teacher] llada/math prompts=50 buf=50 elapsed=85s
[teacher] llada/math prompts=75 buf=75 elapsed=126s
[teacher] llada/math prompts=100 buf=100 elapsed=164s
[teacher] llada/math prompts=125 buf=125 elapsed=203s
[teacher] llada/math prompts=150 buf=150 elapsed=242s
[teacher] llada/math prompts=175 buf=175 elapsed=281s
[teacher] llada/math prompts=200 buf=200 elapsed=321s
[teacher] llada/math prompts=225 buf=225 elapsed=360s
[teacher] llada/math prompts=250 buf=250 elapsed=398s
[teacher] llada/math prompts=275 buf=275 elapsed=437s
[teacher] llada/math prompts=300 buf=300 elapsed=474s
[teacher] llada/math prompts=325 buf=325 elapsed=512s
[teacher] llada/math prompts=350 buf=350 elapsed=549s
[teacher] llada/math prompts=375 buf=375 elapsed=588s
[teacher] llada/math prompts=400 buf=400 elapsed=627s
[teacher] llada/math prompts=425 buf=425 elapsed=668s
[teacher] llada/math prompts=450 buf=450 elapsed=708s
[teacher] llada/math prompts=475 buf=475 elapsed=746s
[teacher] llada/math prompts=500 buf=500 elapsed=782s
[teacher] wrote shard /scratch/ab13091/Efficient-AI/labels/teacher/llada/math/teacher_000000.pt (512 examples)
[teacher] llada/math prompts=525 buf=13 elapsed=820s
[teacher] llada/math prompts=550 buf=38 elapsed=862s
[teacher] llada/math prompts=575 buf=63 elapsed=901s
[teacher] llada/math prompts=600 buf=88 elapsed=938s
[teacher] llada/math prompts=625 buf=113 elapsed=976s
[teacher] llada/math prompts=650 buf=138 elapsed=1015s
[teacher] llada/math prompts=675 buf=163 elapsed=1051s
[teacher] llada/math prompts=700 buf=188 elapsed=1090s
[teacher] llada/math prompts=725 buf=213 elapsed=1125s
[teacher] llada/math prompts=750 buf=238 elapsed=1161s
[teacher] llada/math prompts=775 buf=263 elapsed=1198s
[teacher] llada/math prompts=800 buf=288 elapsed=1235s
[teacher] llada/math prompts=825 buf=313 elapsed=1270s
[teacher] llada/math prompts=850 buf=338 elapsed=1306s
[teacher] llada/math prompts=875 buf=363 elapsed=1343s
[teacher] llada/math prompts=900 buf=388 elapsed=1378s
[teacher] llada/math prompts=925 buf=413 elapsed=1415s
[teacher] llada/math prompts=950 buf=438 elapsed=1450s
[teacher] llada/math prompts=975 buf=463 elapsed=1489s
[teacher] llada/math prompts=1000 buf=488 elapsed=1526s
[teacher] wrote shard /scratch/ab13091/Efficient-AI/labels/teacher/llada/math/teacher_000001.pt (512 examples)
[teacher] llada/math prompts=1025 buf=1 elapsed=1561s
[teacher] llada/math prompts=1050 buf=26 elapsed=1597s
[teacher] llada/math prompts=1075 buf=51 elapsed=1636s
[teacher] llada/math prompts=1100 buf=76 elapsed=1670s
[teacher] llada/math prompts=1125 buf=101 elapsed=1706s
[teacher] llada/math prompts=1150 buf=126 elapsed=1740s
[teacher] llada/math prompts=1175 buf=151 elapsed=1776s
[teacher] llada/math prompts=1200 buf=176 elapsed=1812s
[teacher] llada/math prompts=1225 buf=201 elapsed=1848s
[teacher] llada/math prompts=1250 buf=226 elapsed=1883s
[teacher] llada/math prompts=1275 buf=251 elapsed=1919s
[teacher] llada/math prompts=1300 buf=276 elapsed=1955s
[teacher] llada/math prompts=1325 buf=301 elapsed=1996s
[teacher] llada/math prompts=1350 buf=326 elapsed=2032s
[teacher] llada/math prompts=1375 buf=351 elapsed=2068s
[teacher] llada/math prompts=1400 buf=376 elapsed=2105s
[teacher] llada/math prompts=1425 buf=401 elapsed=2142s
[teacher] llada/math prompts=1450 buf=426 elapsed=2177s
[teacher] llada/math prompts=1475 buf=451 elapsed=2213s
[teacher] llada/math prompts=1500 buf=476 elapsed=2249s
[teacher] llada/math prompts=1525 buf=501 elapsed=2287s
[teacher] wrote shard /scratch/ab13091/Efficient-AI/labels/teacher/llada/math/teacher_000002.pt (512 examples)
[teacher] llada/math prompts=1550 buf=14 elapsed=2324s
[teacher] llada/math prompts=1575 buf=39 elapsed=2359s
[teacher] llada/math prompts=1600 buf=64 elapsed=2394s
[teacher] llada/math prompts=1625 buf=89 elapsed=2429s
[teacher] llada/math prompts=1650 buf=114 elapsed=2465s
[teacher] llada/math prompts=1675 buf=139 elapsed=2501s
[teacher] llada/math prompts=1700 buf=164 elapsed=2538s
[teacher] llada/math prompts=1725 buf=189 elapsed=2575s
[teacher] llada/math prompts=1750 buf=214 elapsed=2611s
[teacher] llada/math prompts=1775 buf=239 elapsed=2647s
[teacher] llada/math prompts=1800 buf=264 elapsed=2682s
[teacher] llada/math prompts=1825 buf=289 elapsed=2717s
[teacher] llada/math prompts=1850 buf=314 elapsed=2752s
[teacher] llada/math prompts=1875 buf=339 elapsed=2787s
[teacher] llada/math prompts=1900 buf=364 elapsed=2822s
[teacher] llada/math prompts=1925 buf=389 elapsed=2857s
[teacher] llada/math prompts=1950 buf=414 elapsed=2891s
[teacher] llada/math prompts=1975 buf=439 elapsed=2925s
[teacher] llada/math prompts=2000 buf=464 elapsed=2960s
[teacher] llada/math prompts=2025 buf=489 elapsed=2994s
[teacher] wrote shard /scratch/ab13091/Efficient-AI/labels/teacher/llada/math/teacher_000003.pt (512 examples)
[teacher] llada/math prompts=2050 buf=2 elapsed=3028s
[teacher] llada/math prompts=2075 buf=27 elapsed=3064s
[teacher] llada/math prompts=2100 buf=52 elapsed=3097s
[teacher] llada/math prompts=2125 buf=77 elapsed=3131s
[teacher] llada/math prompts=2150 buf=102 elapsed=3165s
[teacher] llada/math prompts=2175 buf=127 elapsed=3197s
[teacher] llada/math prompts=2200 buf=152 elapsed=3229s
[teacher] llada/math prompts=2225 buf=177 elapsed=3262s
[teacher] llada/math prompts=2250 buf=202 elapsed=3296s
[teacher] llada/math prompts=2275 buf=227 elapsed=3332s
[teacher] llada/math prompts=2300 buf=252 elapsed=3370s
[teacher] llada/math prompts=2325 buf=277 elapsed=3405s
[teacher] llada/math prompts=2350 buf=302 elapsed=3444s
[teacher] llada/math prompts=2375 buf=327 elapsed=3476s
[teacher] llada/math prompts=2400 buf=352 elapsed=3512s
[teacher] llada/math prompts=2425 buf=377 elapsed=3547s
[teacher] llada/math prompts=2450 buf=402 elapsed=3583s
[teacher] llada/math prompts=2475 buf=427 elapsed=3620s
[teacher] llada/math prompts=2500 buf=452 elapsed=3655s
[teacher] llada/math prompts=2525 buf=477 elapsed=3690s
[teacher] llada/math prompts=2550 buf=502 elapsed=3728s
[teacher] wrote shard /scratch/ab13091/Efficient-AI/labels/teacher/llada/math/teacher_000004.pt (512 examples)
[teacher] llada/math prompts=2575 buf=15 elapsed=3766s
[teacher] llada/math prompts=2600 buf=40 elapsed=3805s
[teacher] llada/math prompts=2625 buf=65 elapsed=3846s
[teacher] llada/math prompts=2650 buf=90 elapsed=3882s
[teacher] llada/math prompts=2675 buf=115 elapsed=3918s
[teacher] llada/math prompts=2700 buf=140 elapsed=3955s
[teacher] llada/math prompts=2725 buf=165 elapsed=3993s
[teacher] llada/math prompts=2750 buf=190 elapsed=4030s
[teacher] llada/math prompts=2775 buf=215 elapsed=4068s
[teacher] llada/math prompts=2800 buf=240 elapsed=4104s
[teacher] llada/math prompts=2825 buf=265 elapsed=4142s
[teacher] llada/math prompts=2850 buf=290 elapsed=4179s
[teacher] llada/math prompts=2875 buf=315 elapsed=4217s
[teacher] llada/math prompts=2900 buf=340 elapsed=4250s
[teacher] llada/math prompts=2925 buf=365 elapsed=4292s
[teacher] llada/math prompts=2950 buf=390 elapsed=4329s
[teacher] llada/math prompts=2975 buf=415 elapsed=4364s
[teacher] llada/math prompts=3000 buf=440 elapsed=4400s
[teacher] llada/math prompts=3025 buf=465 elapsed=4436s
[teacher] llada/math prompts=3050 buf=490 elapsed=4479s
[teacher] wrote shard /scratch/ab13091/Efficient-AI/labels/teacher/llada/math/teacher_000005.pt (512 examples)
[teacher] llada/math prompts=3075 buf=3 elapsed=4520s
[teacher] llada/math prompts=3100 buf=28 elapsed=4555s
[teacher] llada/math prompts=3125 buf=53 elapsed=4592s
[teacher] llada/math prompts=3150 buf=78 elapsed=4629s
[teacher] llada/math prompts=3175 buf=103 elapsed=4665s
[teacher] llada/math prompts=3200 buf=128 elapsed=4701s
[teacher] llada/math prompts=3225 buf=153 elapsed=4739s
[teacher] llada/math prompts=3250 buf=178 elapsed=4777s
[teacher] llada/math prompts=3275 buf=203 elapsed=4815s
[teacher] llada/math prompts=3300 buf=228 elapsed=4852s
[teacher] llada/math prompts=3325 buf=253 elapsed=4888s
[teacher] llada/math prompts=3350 buf=278 elapsed=4924s
[teacher] llada/math prompts=3375 buf=303 elapsed=4961s
[teacher] llada/math prompts=3400 buf=328 elapsed=4998s
[teacher] llada/math prompts=3425 buf=353 elapsed=5037s
[teacher] llada/math prompts=3450 buf=378 elapsed=5074s
[teacher] llada/math prompts=3475 buf=403 elapsed=5111s
[teacher] llada/math prompts=3500 buf=428 elapsed=5148s
[teacher] llada/math prompts=3525 buf=453 elapsed=5185s
[teacher] llada/math prompts=3550 buf=478 elapsed=5222s
[teacher] llada/math prompts=3575 buf=503 elapsed=5259s
[teacher] wrote shard /scratch/ab13091/Efficient-AI/labels/teacher/llada/math/teacher_000006.pt (512 examples)
[teacher] llada/math prompts=3600 buf=16 elapsed=5296s
[teacher] llada/math prompts=3625 buf=41 elapsed=5333s
[teacher] llada/math prompts=3650 buf=66 elapsed=5373s
[teacher] llada/math prompts=3675 buf=91 elapsed=5409s
[teacher] llada/math prompts=3700 buf=116 elapsed=5446s
[teacher] llada/math prompts=3725 buf=141 elapsed=5483s
[teacher] llada/math prompts=3750 buf=166 elapsed=5519s
[teacher] llada/math prompts=3775 buf=191 elapsed=5556s
[teacher] llada/math prompts=3800 buf=216 elapsed=5594s
[teacher] llada/math prompts=3825 buf=241 elapsed=5631s
[teacher] llada/math prompts=3850 buf=266 elapsed=5668s
[teacher] llada/math prompts=3875 buf=291 elapsed=5705s
[teacher] llada/math prompts=3900 buf=316 elapsed=5742s
[teacher] llada/math prompts=3925 buf=341 elapsed=5778s
[teacher] llada/math prompts=3950 buf=366 elapsed=5815s
[teacher] llada/math prompts=3975 buf=391 elapsed=5855s
[teacher] llada/math prompts=4000 buf=416 elapsed=5892s
[teacher] llada/math prompts=4025 buf=441 elapsed=5929s
[teacher] llada/math prompts=4050 buf=466 elapsed=5965s
[teacher] llada/math prompts=4075 buf=491 elapsed=6001s
[teacher] wrote shard /scratch/ab13091/Efficient-AI/labels/teacher/llada/math/teacher_000007.pt (512 examples)
[teacher] llada/math prompts=4100 buf=4 elapsed=6039s
[teacher] llada/math prompts=4125 buf=29 elapsed=6076s
[teacher] llada/math prompts=4150 buf=54 elapsed=6113s
[teacher] llada/math prompts=4175 buf=79 elapsed=6149s
[teacher] llada/math prompts=4200 buf=104 elapsed=6186s
[teacher] llada/math prompts=4225 buf=129 elapsed=6225s
[teacher] llada/math prompts=4250 buf=154 elapsed=6261s
[teacher] llada/math prompts=4275 buf=179 elapsed=6297s
[teacher] llada/math prompts=4300 buf=204 elapsed=6334s
[teacher] llada/math prompts=4325 buf=229 elapsed=6371s
[teacher] llada/math prompts=4350 buf=254 elapsed=6408s
[teacher] llada/math prompts=4375 buf=279 elapsed=6445s
[teacher] llada/math prompts=4400 buf=304 elapsed=6481s
[teacher] llada/math prompts=4425 buf=329 elapsed=6517s
[teacher] llada/math prompts=4450 buf=354 elapsed=6553s
[teacher] llada/math prompts=4475 buf=379 elapsed=6591s
[teacher] llada/math prompts=4500 buf=404 elapsed=6628s
[teacher] llada/math prompts=4525 buf=429 elapsed=6665s
[teacher] llada/math prompts=4550 buf=454 elapsed=6704s
[teacher] llada/math prompts=4575 buf=479 elapsed=6745s
[teacher] llada/math prompts=4600 buf=504 elapsed=6781s
[teacher] wrote shard /scratch/ab13091/Efficient-AI/labels/teacher/llada/math/teacher_000008.pt (512 examples)
[teacher] llada/math prompts=4625 buf=17 elapsed=6817s
[teacher] llada/math prompts=4650 buf=42 elapsed=6852s
[teacher] llada/math prompts=4675 buf=67 elapsed=6888s
[teacher] llada/math prompts=4700 buf=92 elapsed=6923s
[teacher] llada/math prompts=4725 buf=117 elapsed=6958s
[teacher] llada/math prompts=4750 buf=142 elapsed=6991s
[teacher] llada/math prompts=4775 buf=167 elapsed=7027s
[teacher] llada/math prompts=4800 buf=192 elapsed=7061s
[teacher] llada/math prompts=4825 buf=217 elapsed=7096s
[teacher] llada/math prompts=4850 buf=242 elapsed=7127s
[teacher] llada/math prompts=4875 buf=267 elapsed=7161s
[teacher] llada/math prompts=4900 buf=292 elapsed=7195s
[teacher] llada/math prompts=4925 buf=317 elapsed=7228s
[teacher] llada/math prompts=4950 buf=342 elapsed=7260s
[teacher] llada/math prompts=4975 buf=367 elapsed=7294s
[teacher] llada/math prompts=5000 buf=392 elapsed=7326s
[teacher] wrote final shard /scratch/ab13091/Efficient-AI/labels/teacher/llada/math/teacher_000009.pt (392 examples)
[teacher] done. total prompts=5000
