[train] loading shards from /scratch/ug2084/Efficient-AI/labels/base/oracle/dream/*/*.pt
[train] train=40272 val=4704 class_balance={3: 11216, 2: 13868, 0: 9460, 1: 5728}
[train] class_weight_mode=none: using uniform CE
[train] epoch=0 step=79 val_loss=1.0691 val_acc=0.4953 val_off1=0.8240 majority=0.3497 gain_over_majority=+0.1456
[train]   val label_dist=[1015, 729, 1645, 1315] pred_dist=[1660, 598, 2231, 215]
[train] saved new best to /scratch/ug2084/Efficient-AI/ckpts/predictor/base/dream_oracle.pt
[train] epoch=1 step=158 val_loss=1.0734 val_acc=0.5104 val_off1=0.8314 majority=0.3497 gain_over_majority=+0.1607
[train]   val label_dist=[1015, 729, 1645, 1315] pred_dist=[1537, 520, 2305, 342]
[train] epoch=2 step=237 val_loss=1.0822 val_acc=0.5057 val_off1=0.8393 majority=0.3497 gain_over_majority=+0.1560
[train]   val label_dist=[1015, 729, 1645, 1315] pred_dist=[1499, 579, 2313, 313]
[train] epoch=3 step=316 val_loss=1.0819 val_acc=0.5083 val_off1=0.8187 majority=0.3497 gain_over_majority=+0.1586
[train]   val label_dist=[1015, 729, 1645, 1315] pred_dist=[1293, 453, 2381, 577]
[train] epoch=4 step=395 val_loss=1.1058 val_acc=0.5083 val_off1=0.8425 majority=0.3497 gain_over_majority=+0.1586
[train]   val label_dist=[1015, 729, 1645, 1315] pred_dist=[1483, 581, 2367, 273]
[train] epoch=5 step=474 val_loss=1.1091 val_acc=0.5002 val_off1=0.8231 majority=0.3497 gain_over_majority=+0.1505
[train]   val label_dist=[1015, 729, 1645, 1315] pred_dist=[1476, 313, 2411, 504]
[train] epoch=6 step=553 val_loss=1.1088 val_acc=0.5083 val_off1=0.8365 majority=0.3497 gain_over_majority=+0.1586
[train]   val label_dist=[1015, 729, 1645, 1315] pred_dist=[1251, 796, 2262, 395]
[train] epoch=7 step=632 val_loss=1.1199 val_acc=0.4762 val_off1=0.8155 majority=0.3497 gain_over_majority=+0.1265
[train]   val label_dist=[1015, 729, 1645, 1315] pred_dist=[1364, 487, 1923, 930]
[train] epoch=8 step=711 val_loss=1.1412 val_acc=0.5049 val_off1=0.8325 majority=0.3497 gain_over_majority=+0.1552
[train]   val label_dist=[1015, 729, 1645, 1315] pred_dist=[1573, 568, 2131, 432]
[train] epoch=9 step=790 val_loss=1.1392 val_acc=0.5006 val_off1=0.8240 majority=0.3497 gain_over_majority=+0.1509
[train]   val label_dist=[1015, 729, 1645, 1315] pred_dist=[1586, 314, 2253, 551]
[train] epoch=10 step=869 val_loss=1.1468 val_acc=0.4887 val_off1=0.8161 majority=0.3497 gain_over_majority=+0.1390
[train]   val label_dist=[1015, 729, 1645, 1315] pred_dist=[1465, 445, 2095, 699]
[train] epoch=11 step=948 val_loss=1.1427 val_acc=0.4991 val_off1=0.8212 majority=0.3497 gain_over_majority=+0.1494
[train]   val label_dist=[1015, 729, 1645, 1315] pred_dist=[1472, 439, 2279, 514]
[train] epoch=12 step=1027 val_loss=1.1443 val_acc=0.4932 val_off1=0.8187 majority=0.3497 gain_over_majority=+0.1435
[train]   val label_dist=[1015, 729, 1645, 1315] pred_dist=[1511, 430, 1996, 767]
[train] epoch=13 step=1106 val_loss=1.1429 val_acc=0.4957 val_off1=0.8191 majority=0.3497 gain_over_majority=+0.1460
[train]   val label_dist=[1015, 729, 1645, 1315] pred_dist=[1361, 507, 2170, 666]
[train] epoch=14 step=1185 val_loss=1.1455 val_acc=0.4896 val_off1=0.8197 majority=0.3497 gain_over_majority=+0.1399
[train]   val label_dist=[1015, 729, 1645, 1315] pred_dist=[1317, 539, 2156, 692]
[train] epoch=15 step=1264 val_loss=1.1458 val_acc=0.4919 val_off1=0.8199 majority=0.3497 gain_over_majority=+0.1422
[train]   val label_dist=[1015, 729, 1645, 1315] pred_dist=[1321, 534, 2145, 704]
[train] done. best_val_loss=1.0691
