[train] loading shards from /scratch/ug2084/Efficient-AI/labels/lam_15/oracle/dream/*/*.pt
[train] train=40272 val=4704 class_balance={3: 17430, 2: 19850, 0: 636, 1: 2356}
[train] class_weight_mode=inverse (label_source=oracle): weights=[10.0, 4.27334451675415, 0.5072040557861328, 1.7328743934631348]
[train] epoch=0 step=79 val_loss=1.4708 top1_acc=0.4233 within1_acc=0.9407 majority=0.4896 gain_over_majority=-0.0663
[train]   val label_dist=[94, 322, 2303, 1985] pred_dist=[218, 490, 0, 3996]
[train] saved new best to /scratch/ug2084/Efficient-AI/ckpts/predictor/base/dream_oracle_lam_15.pt (top1=0.4233)
[train] epoch=1 step=158 val_loss=1.4626 top1_acc=0.4362 within1_acc=0.9475 majority=0.4896 gain_over_majority=-0.0534
[train]   val label_dist=[94, 322, 2303, 1985] pred_dist=[25, 701, 0, 3978]
[train] saved new best to /scratch/ug2084/Efficient-AI/ckpts/predictor/base/dream_oracle_lam_15.pt (top1=0.4362)
[train] epoch=2 step=237 val_loss=1.4394 top1_acc=0.4230 within1_acc=0.9362 majority=0.4896 gain_over_majority=-0.0665
[train]   val label_dist=[94, 322, 2303, 1985] pred_dist=[315, 397, 0, 3992]
[train] epoch=3 step=316 val_loss=1.4535 top1_acc=0.4352 within1_acc=0.9405 majority=0.4896 gain_over_majority=-0.0544
[train]   val label_dist=[94, 322, 2303, 1985] pred_dist=[175, 547, 0, 3982]
[train] epoch=4 step=395 val_loss=1.5856 top1_acc=0.4296 within1_acc=0.9422 majority=0.4896 gain_over_majority=-0.0599
[train]   val label_dist=[94, 322, 2303, 1985] pred_dist=[126, 604, 0, 3974]
[train] epoch=5 step=474 val_loss=1.5466 top1_acc=0.4228 within1_acc=0.9369 majority=0.4896 gain_over_majority=-0.0668
[train]   val label_dist=[94, 322, 2303, 1985] pred_dist=[344, 239, 0, 4121]
[train] epoch=6 step=553 val_loss=1.5342 top1_acc=0.4275 within1_acc=0.9390 majority=0.4896 gain_over_majority=-0.0621
[train]   val label_dist=[94, 322, 2303, 1985] pred_dist=[178, 526, 0, 4000]
[train] epoch=7 step=632 val_loss=1.5868 top1_acc=0.4254 within1_acc=0.9445 majority=0.4896 gain_over_majority=-0.0642
[train]   val label_dist=[94, 322, 2303, 1985] pred_dist=[185, 506, 0, 4013]
[train] epoch=8 step=711 val_loss=1.5279 top1_acc=0.4328 within1_acc=0.9441 majority=0.4896 gain_over_majority=-0.0568
[train]   val label_dist=[94, 322, 2303, 1985] pred_dist=[188, 493, 2, 4021]
[train] epoch=9 step=790 val_loss=1.5401 top1_acc=0.4315 within1_acc=0.9432 majority=0.4896 gain_over_majority=-0.0580
[train]   val label_dist=[94, 322, 2303, 1985] pred_dist=[118, 581, 3, 4002]
[train] epoch=10 step=869 val_loss=1.5461 top1_acc=0.4320 within1_acc=0.9445 majority=0.4896 gain_over_majority=-0.0576
[train]   val label_dist=[94, 322, 2303, 1985] pred_dist=[129, 478, 10, 4087]
[train] epoch=11 step=948 val_loss=1.5556 top1_acc=0.4290 within1_acc=0.9435 majority=0.4896 gain_over_majority=-0.0606
[train]   val label_dist=[94, 322, 2303, 1985] pred_dist=[183, 473, 20, 4028]
[train] epoch=12 step=1027 val_loss=1.5358 top1_acc=0.4303 within1_acc=0.9432 majority=0.4896 gain_over_majority=-0.0593
[train]   val label_dist=[94, 322, 2303, 1985] pred_dist=[171, 477, 0, 4056]
[train] epoch=13 step=1106 val_loss=1.5473 top1_acc=0.4309 within1_acc=0.9428 majority=0.4896 gain_over_majority=-0.0587
[train]   val label_dist=[94, 322, 2303, 1985] pred_dist=[180, 480, 26, 4018]
[train] epoch=14 step=1185 val_loss=1.5433 top1_acc=0.4326 within1_acc=0.9435 majority=0.4896 gain_over_majority=-0.0570
[train]   val label_dist=[94, 322, 2303, 1985] pred_dist=[167, 492, 27, 4018]
[train] epoch=15 step=1264 val_loss=1.5428 top1_acc=0.4326 within1_acc=0.9437 majority=0.4896 gain_over_majority=-0.0570
[train]   val label_dist=[94, 322, 2303, 1985] pred_dist=[165, 503, 26, 4010]
[train] done. best_val_top1=0.4362
