[teacher] loaded llada; hidden_dim=4096
[teacher] delimiter token-id set size: 76
[teacher] llada/owt prompts=25 buf=25 elapsed=46s
[teacher] llada/owt prompts=50 buf=50 elapsed=85s
[teacher] llada/owt prompts=75 buf=75 elapsed=125s
[teacher] llada/owt prompts=100 buf=100 elapsed=165s
[teacher] llada/owt prompts=125 buf=125 elapsed=205s
[teacher] llada/owt prompts=150 buf=150 elapsed=245s
[teacher] llada/owt prompts=175 buf=175 elapsed=285s
[teacher] llada/owt prompts=200 buf=200 elapsed=325s
[teacher] llada/owt prompts=225 buf=225 elapsed=365s
[teacher] llada/owt prompts=250 buf=250 elapsed=404s
[teacher] llada/owt prompts=275 buf=275 elapsed=444s
[teacher] llada/owt prompts=300 buf=300 elapsed=483s
[teacher] llada/owt prompts=325 buf=325 elapsed=523s
[teacher] llada/owt prompts=350 buf=350 elapsed=562s
[teacher] llada/owt prompts=375 buf=375 elapsed=601s
[teacher] llada/owt prompts=400 buf=400 elapsed=641s
[teacher] llada/owt prompts=425 buf=425 elapsed=680s
[teacher] llada/owt prompts=450 buf=450 elapsed=720s
[teacher] llada/owt prompts=475 buf=475 elapsed=759s
[teacher] llada/owt prompts=500 buf=500 elapsed=799s
[teacher] wrote shard /scratch/ab13091/Efficient-AI/labels/teacher/llada/owt/teacher_000000.pt (512 examples)
[teacher] llada/owt prompts=525 buf=13 elapsed=839s
[teacher] llada/owt prompts=550 buf=38 elapsed=879s
[teacher] llada/owt prompts=575 buf=63 elapsed=919s
[teacher] llada/owt prompts=600 buf=88 elapsed=958s
[teacher] llada/owt prompts=625 buf=113 elapsed=998s
[teacher] llada/owt prompts=650 buf=138 elapsed=1038s
[teacher] llada/owt prompts=675 buf=163 elapsed=1076s
[teacher] llada/owt prompts=700 buf=188 elapsed=1116s
[teacher] llada/owt prompts=725 buf=213 elapsed=1155s
[teacher] llada/owt prompts=750 buf=238 elapsed=1195s
[teacher] llada/owt prompts=775 buf=263 elapsed=1234s
[teacher] llada/owt prompts=800 buf=288 elapsed=1273s
[teacher] llada/owt prompts=825 buf=313 elapsed=1311s
[teacher] llada/owt prompts=850 buf=338 elapsed=1349s
[teacher] llada/owt prompts=875 buf=363 elapsed=1387s
[teacher] llada/owt prompts=900 buf=388 elapsed=1425s
[teacher] llada/owt prompts=925 buf=413 elapsed=1463s
[teacher] llada/owt prompts=950 buf=438 elapsed=1501s
[teacher] llada/owt prompts=975 buf=463 elapsed=1539s
[teacher] llada/owt prompts=1000 buf=488 elapsed=1577s
[teacher] wrote shard /scratch/ab13091/Efficient-AI/labels/teacher/llada/owt/teacher_000001.pt (512 examples)
[teacher] llada/owt prompts=1025 buf=1 elapsed=1616s
[teacher] llada/owt prompts=1050 buf=26 elapsed=1654s
[teacher] llada/owt prompts=1075 buf=51 elapsed=1692s
[teacher] llada/owt prompts=1100 buf=76 elapsed=1730s
[teacher] llada/owt prompts=1125 buf=101 elapsed=1768s
[teacher] llada/owt prompts=1150 buf=126 elapsed=1805s
[teacher] llada/owt prompts=1175 buf=151 elapsed=1843s
[teacher] llada/owt prompts=1200 buf=176 elapsed=1881s
[teacher] llada/owt prompts=1225 buf=201 elapsed=1919s
[teacher] llada/owt prompts=1250 buf=226 elapsed=1956s
[teacher] llada/owt prompts=1275 buf=251 elapsed=1994s
[teacher] llada/owt prompts=1300 buf=276 elapsed=2032s
[teacher] llada/owt prompts=1325 buf=301 elapsed=2070s
[teacher] llada/owt prompts=1350 buf=326 elapsed=2107s
[teacher] llada/owt prompts=1375 buf=351 elapsed=2145s
[teacher] llada/owt prompts=1400 buf=376 elapsed=2183s
[teacher] llada/owt prompts=1425 buf=401 elapsed=2221s
[teacher] llada/owt prompts=1450 buf=426 elapsed=2258s
[teacher] llada/owt prompts=1475 buf=451 elapsed=2296s
[teacher] llada/owt prompts=1500 buf=476 elapsed=2334s
[teacher] llada/owt prompts=1525 buf=501 elapsed=2371s
[teacher] wrote shard /scratch/ab13091/Efficient-AI/labels/teacher/llada/owt/teacher_000002.pt (512 examples)
[teacher] llada/owt prompts=1550 buf=14 elapsed=2410s
[teacher] llada/owt prompts=1575 buf=39 elapsed=2447s
[teacher] llada/owt prompts=1600 buf=64 elapsed=2485s
[teacher] llada/owt prompts=1625 buf=89 elapsed=2523s
[teacher] llada/owt prompts=1650 buf=114 elapsed=2561s
[teacher] llada/owt prompts=1675 buf=139 elapsed=2599s
[teacher] llada/owt prompts=1700 buf=164 elapsed=2636s
[teacher] llada/owt prompts=1725 buf=189 elapsed=2674s
[teacher] llada/owt prompts=1750 buf=214 elapsed=2712s
[teacher] llada/owt prompts=1775 buf=239 elapsed=2750s
[teacher] llada/owt prompts=1800 buf=264 elapsed=2787s
[teacher] llada/owt prompts=1825 buf=289 elapsed=2825s
[teacher] llada/owt prompts=1850 buf=314 elapsed=2863s
[teacher] llada/owt prompts=1875 buf=339 elapsed=2901s
[teacher] llada/owt prompts=1900 buf=364 elapsed=2938s
[teacher] llada/owt prompts=1925 buf=389 elapsed=2976s
[teacher] llada/owt prompts=1950 buf=414 elapsed=3013s
[teacher] llada/owt prompts=1975 buf=439 elapsed=3051s
[teacher] llada/owt prompts=2000 buf=464 elapsed=3089s
[teacher] llada/owt prompts=2025 buf=489 elapsed=3127s
[teacher] wrote shard /scratch/ab13091/Efficient-AI/labels/teacher/llada/owt/teacher_000003.pt (512 examples)
[teacher] llada/owt prompts=2050 buf=2 elapsed=3165s
[teacher] llada/owt prompts=2075 buf=27 elapsed=3203s
[teacher] llada/owt prompts=2100 buf=52 elapsed=3241s
[teacher] llada/owt prompts=2125 buf=77 elapsed=3279s
[teacher] llada/owt prompts=2150 buf=102 elapsed=3316s
[teacher] llada/owt prompts=2175 buf=127 elapsed=3354s
[teacher] llada/owt prompts=2200 buf=152 elapsed=3391s
[teacher] llada/owt prompts=2225 buf=177 elapsed=3429s
[teacher] llada/owt prompts=2250 buf=202 elapsed=3467s
[teacher] llada/owt prompts=2275 buf=227 elapsed=3504s
[teacher] llada/owt prompts=2300 buf=252 elapsed=3542s
[teacher] llada/owt prompts=2325 buf=277 elapsed=3580s
[teacher] llada/owt prompts=2350 buf=302 elapsed=3617s
[teacher] llada/owt prompts=2375 buf=327 elapsed=3655s
[teacher] llada/owt prompts=2400 buf=352 elapsed=3693s
[teacher] llada/owt prompts=2425 buf=377 elapsed=3731s
[teacher] llada/owt prompts=2450 buf=402 elapsed=3769s
[teacher] llada/owt prompts=2475 buf=427 elapsed=3806s
[teacher] llada/owt prompts=2500 buf=452 elapsed=3844s
[teacher] llada/owt prompts=2525 buf=477 elapsed=3881s
[teacher] llada/owt prompts=2550 buf=502 elapsed=3919s
[teacher] wrote shard /scratch/ab13091/Efficient-AI/labels/teacher/llada/owt/teacher_000004.pt (512 examples)
[teacher] llada/owt prompts=2575 buf=15 elapsed=3957s
[teacher] llada/owt prompts=2600 buf=40 elapsed=3995s
[teacher] llada/owt prompts=2625 buf=65 elapsed=4033s
[teacher] llada/owt prompts=2650 buf=90 elapsed=4071s
[teacher] llada/owt prompts=2675 buf=115 elapsed=4109s
[teacher] llada/owt prompts=2700 buf=140 elapsed=4146s
[teacher] llada/owt prompts=2725 buf=165 elapsed=4184s
[teacher] llada/owt prompts=2750 buf=190 elapsed=4222s
[teacher] llada/owt prompts=2775 buf=215 elapsed=4260s
[teacher] llada/owt prompts=2800 buf=240 elapsed=4297s
[teacher] llada/owt prompts=2825 buf=265 elapsed=4335s
[teacher] llada/owt prompts=2850 buf=290 elapsed=4373s
[teacher] llada/owt prompts=2875 buf=315 elapsed=4411s
[teacher] llada/owt prompts=2900 buf=340 elapsed=4448s
[teacher] llada/owt prompts=2925 buf=365 elapsed=4486s
[teacher] llada/owt prompts=2950 buf=390 elapsed=4523s
[teacher] llada/owt prompts=2975 buf=415 elapsed=4561s
[teacher] llada/owt prompts=3000 buf=440 elapsed=4599s
[teacher] llada/owt prompts=3025 buf=465 elapsed=4636s
[teacher] llada/owt prompts=3050 buf=490 elapsed=4673s
[teacher] wrote shard /scratch/ab13091/Efficient-AI/labels/teacher/llada/owt/teacher_000005.pt (512 examples)
[teacher] llada/owt prompts=3075 buf=3 elapsed=4712s
[teacher] llada/owt prompts=3100 buf=28 elapsed=4750s
[teacher] llada/owt prompts=3125 buf=53 elapsed=4787s
[teacher] llada/owt prompts=3150 buf=78 elapsed=4825s
[teacher] llada/owt prompts=3175 buf=103 elapsed=4863s
[teacher] llada/owt prompts=3200 buf=128 elapsed=4901s
[teacher] llada/owt prompts=3225 buf=153 elapsed=4939s
[teacher] llada/owt prompts=3250 buf=178 elapsed=4977s
[teacher] llada/owt prompts=3275 buf=203 elapsed=5015s
[teacher] llada/owt prompts=3300 buf=228 elapsed=5052s
[teacher] llada/owt prompts=3325 buf=253 elapsed=5090s
[teacher] llada/owt prompts=3350 buf=278 elapsed=5128s
[teacher] llada/owt prompts=3375 buf=303 elapsed=5166s
[teacher] llada/owt prompts=3400 buf=328 elapsed=5204s
[teacher] llada/owt prompts=3425 buf=353 elapsed=5241s
[teacher] llada/owt prompts=3450 buf=378 elapsed=5279s
[teacher] llada/owt prompts=3475 buf=403 elapsed=5317s
[teacher] llada/owt prompts=3500 buf=428 elapsed=5355s
[teacher] llada/owt prompts=3525 buf=453 elapsed=5393s
[teacher] llada/owt prompts=3550 buf=478 elapsed=5430s
[teacher] llada/owt prompts=3575 buf=503 elapsed=5468s
[teacher] wrote shard /scratch/ab13091/Efficient-AI/labels/teacher/llada/owt/teacher_000006.pt (512 examples)
[teacher] llada/owt prompts=3600 buf=16 elapsed=5507s
[teacher] llada/owt prompts=3625 buf=41 elapsed=5544s
[teacher] llada/owt prompts=3650 buf=66 elapsed=5582s
[teacher] llada/owt prompts=3675 buf=91 elapsed=5620s
[teacher] llada/owt prompts=3700 buf=116 elapsed=5657s
[teacher] llada/owt prompts=3725 buf=141 elapsed=5695s
[teacher] llada/owt prompts=3750 buf=166 elapsed=5733s
[teacher] llada/owt prompts=3775 buf=191 elapsed=5770s
[teacher] llada/owt prompts=3800 buf=216 elapsed=5808s
[teacher] llada/owt prompts=3825 buf=241 elapsed=5846s
[teacher] llada/owt prompts=3850 buf=266 elapsed=5884s
[teacher] llada/owt prompts=3875 buf=291 elapsed=5922s
[teacher] llada/owt prompts=3900 buf=316 elapsed=5959s
[teacher] llada/owt prompts=3925 buf=341 elapsed=5997s
[teacher] llada/owt prompts=3950 buf=366 elapsed=6035s
[teacher] llada/owt prompts=3975 buf=391 elapsed=6073s
[teacher] llada/owt prompts=4000 buf=416 elapsed=6111s
[teacher] llada/owt prompts=4025 buf=441 elapsed=6149s
[teacher] llada/owt prompts=4050 buf=466 elapsed=6186s
[teacher] llada/owt prompts=4075 buf=491 elapsed=6224s
[teacher] wrote shard /scratch/ab13091/Efficient-AI/labels/teacher/llada/owt/teacher_000007.pt (512 examples)
[teacher] llada/owt prompts=4100 buf=4 elapsed=6263s
[teacher] llada/owt prompts=4125 buf=29 elapsed=6301s
[teacher] llada/owt prompts=4150 buf=54 elapsed=6338s
[teacher] llada/owt prompts=4175 buf=79 elapsed=6375s
[teacher] llada/owt prompts=4200 buf=104 elapsed=6413s
[teacher] llada/owt prompts=4225 buf=129 elapsed=6451s
[teacher] llada/owt prompts=4250 buf=154 elapsed=6489s
[teacher] llada/owt prompts=4275 buf=179 elapsed=6527s
[teacher] llada/owt prompts=4300 buf=204 elapsed=6565s
[teacher] llada/owt prompts=4325 buf=229 elapsed=6602s
[teacher] llada/owt prompts=4350 buf=254 elapsed=6640s
[teacher] llada/owt prompts=4375 buf=279 elapsed=6678s
[teacher] llada/owt prompts=4400 buf=304 elapsed=6716s
[teacher] llada/owt prompts=4425 buf=329 elapsed=6754s
[teacher] llada/owt prompts=4450 buf=354 elapsed=6791s
[teacher] llada/owt prompts=4475 buf=379 elapsed=6829s
[teacher] llada/owt prompts=4500 buf=404 elapsed=6867s
[teacher] llada/owt prompts=4525 buf=429 elapsed=6905s
[teacher] llada/owt prompts=4550 buf=454 elapsed=6942s
[teacher] llada/owt prompts=4575 buf=479 elapsed=6980s
[teacher] llada/owt prompts=4600 buf=504 elapsed=7018s
[teacher] wrote shard /scratch/ab13091/Efficient-AI/labels/teacher/llada/owt/teacher_000008.pt (512 examples)
[teacher] llada/owt prompts=4625 buf=17 elapsed=7056s
[teacher] llada/owt prompts=4650 buf=42 elapsed=7094s
[teacher] llada/owt prompts=4675 buf=67 elapsed=7132s
[teacher] llada/owt prompts=4700 buf=92 elapsed=7170s
[teacher] llada/owt prompts=4725 buf=117 elapsed=7207s
[teacher] llada/owt prompts=4750 buf=142 elapsed=7245s
[teacher] llada/owt prompts=4775 buf=167 elapsed=7283s
[teacher] llada/owt prompts=4800 buf=192 elapsed=7321s
[teacher] llada/owt prompts=4825 buf=217 elapsed=7359s
[teacher] llada/owt prompts=4850 buf=242 elapsed=7397s
[teacher] llada/owt prompts=4875 buf=267 elapsed=7435s
[teacher] llada/owt prompts=4900 buf=292 elapsed=7472s
[teacher] llada/owt prompts=4925 buf=317 elapsed=7510s
[teacher] llada/owt prompts=4950 buf=342 elapsed=7547s
[teacher] llada/owt prompts=4975 buf=367 elapsed=7585s
[teacher] llada/owt prompts=5000 buf=392 elapsed=7623s
[teacher] wrote final shard /scratch/ab13091/Efficient-AI/labels/teacher/llada/owt/teacher_000009.pt (392 examples)
[teacher] done. total prompts=5000
