[smoke-instruct] step 1/3: build_teacher_labels (LLaDA-Instruct, GSM8K, debug first 30 boundaries)
[teacher] loaded llada; hidden_dim=4096
[teacher] delimiter token-id set size: 76
[teacher] resume: 1 shards on disk, last prompt_id=24, continuing from prompt 25 with shard_idx=1
[teacher] done. total prompts=0
[smoke-instruct] step 2/3: train predictor (5 epochs)
[train] loading shards from /scratch/ug2084/Efficient-AI/smoke/instruct/labels/llada/gsm8k/*.pt
[train] train=21 val=4 class_balance={3: 21}
[train] class_weight_mode=none: using uniform CE
[train] epoch=0 step=1 val_loss=1.0156 val_acc=1.0000 val_off1=1.0000 majority=1.0000 gain_over_majority=+0.0000
[train]   val label_dist=[0, 0, 0, 4] pred_dist=[0, 0, 0, 4]
[train] saved new best to /scratch/ug2084/Efficient-AI/smoke/instruct/ckpt/llada_teacher.pt
[train] epoch=1 step=2 val_loss=0.7903 val_acc=1.0000 val_off1=1.0000 majority=1.0000 gain_over_majority=+0.0000
[train]   val label_dist=[0, 0, 0, 4] pred_dist=[0, 0, 0, 4]
[train] saved new best to /scratch/ug2084/Efficient-AI/smoke/instruct/ckpt/llada_teacher.pt
[train] epoch=2 step=3 val_loss=0.6705 val_acc=1.0000 val_off1=1.0000 majority=1.0000 gain_over_majority=+0.0000
[train]   val label_dist=[0, 0, 0, 4] pred_dist=[0, 0, 0, 4]
[train] saved new best to /scratch/ug2084/Efficient-AI/smoke/instruct/ckpt/llada_teacher.pt
[train] epoch=3 step=4 val_loss=0.6155 val_acc=1.0000 val_off1=1.0000 majority=1.0000 gain_over_majority=+0.0000
[train]   val label_dist=[0, 0, 0, 4] pred_dist=[0, 0, 0, 4]
[train] saved new best to /scratch/ug2084/Efficient-AI/smoke/instruct/ckpt/llada_teacher.pt
[train] epoch=4 step=5 val_loss=0.6006 val_acc=1.0000 val_off1=1.0000 majority=1.0000 gain_over_majority=+0.0000
[train]   val label_dist=[0, 0, 0, 4] pred_dist=[0, 0, 0, 4]
[train] saved new best to /scratch/ug2084/Efficient-AI/smoke/instruct/ckpt/llada_teacher.pt
[train] done. best_val_loss=0.6006
[smoke-instruct] step 3/3: eval ours-teacher vs adablock on 15 GSM8K prompts
[eval] wrote /scratch/ug2084/Efficient-AI/smoke/instruct/results/ours_teacher.json
[eval] wrote /scratch/ug2084/Efficient-AI/smoke/instruct/results/adablock.json
[smoke-instruct] done.
  Comparison signals (vs Base smoke at same config):
    1. Decoded blocks: Instruct shows mostly <|endoftext|>; Base shows real reasoning
    2. Boundaries-per-prompt: Instruct ~1; Base ~16
    3. Class distribution: Instruct collapses; Base 4/4
