[teacher] loaded llada; hidden_dim=4096
[teacher] delimiter token-id set size: 76
[teacher] llada/owt prompts=25 buf=25 elapsed=44s
[teacher] llada/owt prompts=50 buf=50 elapsed=83s
[teacher] llada/owt prompts=75 buf=75 elapsed=122s
[teacher] llada/owt prompts=100 buf=100 elapsed=161s
[teacher] llada/owt prompts=125 buf=125 elapsed=200s
[teacher] llada/owt prompts=150 buf=150 elapsed=239s
[teacher] llada/owt prompts=175 buf=175 elapsed=278s
[teacher] llada/owt prompts=200 buf=200 elapsed=317s
[teacher] llada/owt prompts=225 buf=225 elapsed=355s
[teacher] llada/owt prompts=250 buf=250 elapsed=394s
[teacher] llada/owt prompts=275 buf=275 elapsed=432s
[teacher] llada/owt prompts=300 buf=300 elapsed=471s
[teacher] llada/owt prompts=325 buf=325 elapsed=510s
[teacher] llada/owt prompts=350 buf=350 elapsed=548s
[teacher] llada/owt prompts=375 buf=375 elapsed=587s
[teacher] llada/owt prompts=400 buf=400 elapsed=626s
[teacher] llada/owt prompts=425 buf=425 elapsed=664s
[teacher] llada/owt prompts=450 buf=450 elapsed=703s
[teacher] llada/owt prompts=475 buf=475 elapsed=741s
[teacher] llada/owt prompts=500 buf=500 elapsed=780s
[teacher] wrote shard /scratch/ab13091/Efficient-AI/labels/teacher/llada/owt/teacher_000000.pt (512 examples)
[teacher] llada/owt prompts=525 buf=13 elapsed=819s
[teacher] llada/owt prompts=550 buf=38 elapsed=858s
[teacher] llada/owt prompts=575 buf=63 elapsed=896s
[teacher] llada/owt prompts=600 buf=88 elapsed=935s
[teacher] llada/owt prompts=625 buf=113 elapsed=973s
[teacher] llada/owt prompts=650 buf=138 elapsed=1012s
[teacher] llada/owt prompts=675 buf=163 elapsed=1050s
[teacher] llada/owt prompts=700 buf=188 elapsed=1088s
[teacher] llada/owt prompts=725 buf=213 elapsed=1127s
[teacher] llada/owt prompts=750 buf=238 elapsed=1165s
[teacher] llada/owt prompts=775 buf=263 elapsed=1203s
[teacher] llada/owt prompts=800 buf=288 elapsed=1241s
[teacher] llada/owt prompts=825 buf=313 elapsed=1279s
[teacher] llada/owt prompts=850 buf=338 elapsed=1316s
[teacher] llada/owt prompts=875 buf=363 elapsed=1353s
[teacher] llada/owt prompts=900 buf=388 elapsed=1391s
[teacher] llada/owt prompts=925 buf=413 elapsed=1428s
[teacher] llada/owt prompts=950 buf=438 elapsed=1465s
[teacher] llada/owt prompts=975 buf=463 elapsed=1503s
[teacher] llada/owt prompts=1000 buf=488 elapsed=1540s
[teacher] wrote shard /scratch/ab13091/Efficient-AI/labels/teacher/llada/owt/teacher_000001.pt (512 examples)
[teacher] llada/owt prompts=1025 buf=1 elapsed=1577s
[teacher] llada/owt prompts=1050 buf=26 elapsed=1614s
[teacher] llada/owt prompts=1075 buf=51 elapsed=1652s
[teacher] llada/owt prompts=1100 buf=76 elapsed=1689s
[teacher] llada/owt prompts=1125 buf=101 elapsed=1726s
[teacher] llada/owt prompts=1150 buf=126 elapsed=1763s
[teacher] llada/owt prompts=1175 buf=151 elapsed=1800s
[teacher] llada/owt prompts=1200 buf=176 elapsed=1837s
[teacher] llada/owt prompts=1225 buf=201 elapsed=1874s
[teacher] llada/owt prompts=1250 buf=226 elapsed=1911s
[teacher] llada/owt prompts=1275 buf=251 elapsed=1948s
[teacher] llada/owt prompts=1300 buf=276 elapsed=1985s
[teacher] llada/owt prompts=1325 buf=301 elapsed=2021s
[teacher] llada/owt prompts=1350 buf=326 elapsed=2058s
[teacher] llada/owt prompts=1375 buf=351 elapsed=2095s
[teacher] llada/owt prompts=1400 buf=376 elapsed=2132s
[teacher] llada/owt prompts=1425 buf=401 elapsed=2169s
[teacher] llada/owt prompts=1450 buf=426 elapsed=2205s
[teacher] llada/owt prompts=1475 buf=451 elapsed=2242s
[teacher] llada/owt prompts=1500 buf=476 elapsed=2279s
[teacher] llada/owt prompts=1525 buf=501 elapsed=2316s
[teacher] wrote shard /scratch/ab13091/Efficient-AI/labels/teacher/llada/owt/teacher_000002.pt (512 examples)
[teacher] llada/owt prompts=1550 buf=14 elapsed=2354s
[teacher] llada/owt prompts=1575 buf=39 elapsed=2391s
[teacher] llada/owt prompts=1600 buf=64 elapsed=2428s
[teacher] llada/owt prompts=1625 buf=89 elapsed=2465s
[teacher] llada/owt prompts=1650 buf=114 elapsed=2502s
[teacher] llada/owt prompts=1675 buf=139 elapsed=2539s
[teacher] llada/owt prompts=1700 buf=164 elapsed=2576s
[teacher] llada/owt prompts=1725 buf=189 elapsed=2613s
[teacher] llada/owt prompts=1750 buf=214 elapsed=2650s
[teacher] llada/owt prompts=1775 buf=239 elapsed=2687s
[teacher] llada/owt prompts=1800 buf=264 elapsed=2724s
[teacher] llada/owt prompts=1825 buf=289 elapsed=2761s
[teacher] llada/owt prompts=1850 buf=314 elapsed=2797s
[teacher] llada/owt prompts=1875 buf=339 elapsed=2834s
[teacher] llada/owt prompts=1900 buf=364 elapsed=2871s
[teacher] llada/owt prompts=1925 buf=389 elapsed=2907s
[teacher] llada/owt prompts=1950 buf=414 elapsed=2944s
[teacher] llada/owt prompts=1975 buf=439 elapsed=2981s
[teacher] llada/owt prompts=2000 buf=464 elapsed=3018s
[teacher] llada/owt prompts=2025 buf=489 elapsed=3055s
[teacher] wrote shard /scratch/ab13091/Efficient-AI/labels/teacher/llada/owt/teacher_000003.pt (512 examples)
[teacher] llada/owt prompts=2050 buf=2 elapsed=3092s
[teacher] llada/owt prompts=2075 buf=27 elapsed=3129s
[teacher] llada/owt prompts=2100 buf=52 elapsed=3166s
[teacher] llada/owt prompts=2125 buf=77 elapsed=3203s
[teacher] llada/owt prompts=2150 buf=102 elapsed=3239s
[teacher] llada/owt prompts=2175 buf=127 elapsed=3276s
[teacher] llada/owt prompts=2200 buf=152 elapsed=3313s
[teacher] llada/owt prompts=2225 buf=177 elapsed=3350s
[teacher] llada/owt prompts=2250 buf=202 elapsed=3387s
[teacher] llada/owt prompts=2275 buf=227 elapsed=3423s
[teacher] llada/owt prompts=2300 buf=252 elapsed=3460s
[teacher] llada/owt prompts=2325 buf=277 elapsed=3497s
[teacher] llada/owt prompts=2350 buf=302 elapsed=3534s
[teacher] llada/owt prompts=2375 buf=327 elapsed=3571s
[teacher] llada/owt prompts=2400 buf=352 elapsed=3608s
[teacher] llada/owt prompts=2425 buf=377 elapsed=3645s
[teacher] llada/owt prompts=2450 buf=402 elapsed=3682s
[teacher] llada/owt prompts=2475 buf=427 elapsed=3719s
[teacher] llada/owt prompts=2500 buf=452 elapsed=3756s
[teacher] llada/owt prompts=2525 buf=477 elapsed=3792s
[teacher] llada/owt prompts=2550 buf=502 elapsed=3829s
[teacher] wrote shard /scratch/ab13091/Efficient-AI/labels/teacher/llada/owt/teacher_000004.pt (512 examples)
[teacher] llada/owt prompts=2575 buf=15 elapsed=3866s
[teacher] llada/owt prompts=2600 buf=40 elapsed=3903s
[teacher] llada/owt prompts=2625 buf=65 elapsed=3940s
[teacher] llada/owt prompts=2650 buf=90 elapsed=3977s
[teacher] llada/owt prompts=2675 buf=115 elapsed=4014s
[teacher] llada/owt prompts=2700 buf=140 elapsed=4051s
[teacher] llada/owt prompts=2725 buf=165 elapsed=4087s
[teacher] llada/owt prompts=2750 buf=190 elapsed=4124s
[teacher] llada/owt prompts=2775 buf=215 elapsed=4161s
[teacher] llada/owt prompts=2800 buf=240 elapsed=4198s
[teacher] llada/owt prompts=2825 buf=265 elapsed=4235s
[teacher] llada/owt prompts=2850 buf=290 elapsed=4272s
[teacher] llada/owt prompts=2875 buf=315 elapsed=4309s
[teacher] llada/owt prompts=2900 buf=340 elapsed=4346s
[teacher] llada/owt prompts=2925 buf=365 elapsed=4383s
[teacher] llada/owt prompts=2950 buf=390 elapsed=4419s
[teacher] llada/owt prompts=2975 buf=415 elapsed=4456s
[teacher] llada/owt prompts=3000 buf=440 elapsed=4493s
[teacher] llada/owt prompts=3025 buf=465 elapsed=4530s
[teacher] llada/owt prompts=3050 buf=490 elapsed=4566s
[teacher] wrote shard /scratch/ab13091/Efficient-AI/labels/teacher/llada/owt/teacher_000005.pt (512 examples)
[teacher] llada/owt prompts=3075 buf=3 elapsed=4603s
[teacher] llada/owt prompts=3100 buf=28 elapsed=4640s
[teacher] llada/owt prompts=3125 buf=53 elapsed=4678s
[teacher] llada/owt prompts=3150 buf=78 elapsed=4715s
[teacher] llada/owt prompts=3175 buf=103 elapsed=4751s
[teacher] llada/owt prompts=3200 buf=128 elapsed=4788s
[teacher] llada/owt prompts=3225 buf=153 elapsed=4825s
[teacher] llada/owt prompts=3250 buf=178 elapsed=4862s
[teacher] llada/owt prompts=3275 buf=203 elapsed=4900s
[teacher] llada/owt prompts=3300 buf=228 elapsed=4936s
[teacher] llada/owt prompts=3325 buf=253 elapsed=4974s
[teacher] llada/owt prompts=3350 buf=278 elapsed=5011s
[teacher] llada/owt prompts=3375 buf=303 elapsed=5048s
[teacher] llada/owt prompts=3400 buf=328 elapsed=5085s
[teacher] llada/owt prompts=3425 buf=353 elapsed=5122s
[teacher] llada/owt prompts=3450 buf=378 elapsed=5159s
[teacher] llada/owt prompts=3475 buf=403 elapsed=5196s
[teacher] llada/owt prompts=3500 buf=428 elapsed=5233s
[teacher] llada/owt prompts=3525 buf=453 elapsed=5270s
[teacher] llada/owt prompts=3550 buf=478 elapsed=5307s
[teacher] llada/owt prompts=3575 buf=503 elapsed=5344s
[teacher] wrote shard /scratch/ab13091/Efficient-AI/labels/teacher/llada/owt/teacher_000006.pt (512 examples)
[teacher] llada/owt prompts=3600 buf=16 elapsed=5381s
[teacher] llada/owt prompts=3625 buf=41 elapsed=5418s
[teacher] llada/owt prompts=3650 buf=66 elapsed=5455s
[teacher] llada/owt prompts=3675 buf=91 elapsed=5492s
[teacher] llada/owt prompts=3700 buf=116 elapsed=5529s
[teacher] llada/owt prompts=3725 buf=141 elapsed=5566s
[teacher] llada/owt prompts=3750 buf=166 elapsed=5603s
[teacher] llada/owt prompts=3775 buf=191 elapsed=5640s
[teacher] llada/owt prompts=3800 buf=216 elapsed=5677s
[teacher] llada/owt prompts=3825 buf=241 elapsed=5714s
[teacher] llada/owt prompts=3850 buf=266 elapsed=5751s
[teacher] llada/owt prompts=3875 buf=291 elapsed=5788s
[teacher] llada/owt prompts=3900 buf=316 elapsed=5825s
[teacher] llada/owt prompts=3925 buf=341 elapsed=5862s
[teacher] llada/owt prompts=3950 buf=366 elapsed=5899s
[teacher] llada/owt prompts=3975 buf=391 elapsed=5936s
[teacher] llada/owt prompts=4000 buf=416 elapsed=5973s
[teacher] llada/owt prompts=4025 buf=441 elapsed=6010s
[teacher] llada/owt prompts=4050 buf=466 elapsed=6047s
[teacher] llada/owt prompts=4075 buf=491 elapsed=6084s
[teacher] wrote shard /scratch/ab13091/Efficient-AI/labels/teacher/llada/owt/teacher_000007.pt (512 examples)
[teacher] llada/owt prompts=4100 buf=4 elapsed=6121s
[teacher] llada/owt prompts=4125 buf=29 elapsed=6158s
[teacher] llada/owt prompts=4150 buf=54 elapsed=6195s
[teacher] llada/owt prompts=4175 buf=79 elapsed=6231s
[teacher] llada/owt prompts=4200 buf=104 elapsed=6268s
[teacher] llada/owt prompts=4225 buf=129 elapsed=6305s
[teacher] llada/owt prompts=4250 buf=154 elapsed=6342s
[teacher] llada/owt prompts=4275 buf=179 elapsed=6379s
[teacher] llada/owt prompts=4300 buf=204 elapsed=6416s
[teacher] llada/owt prompts=4325 buf=229 elapsed=6453s
[teacher] llada/owt prompts=4350 buf=254 elapsed=6490s
[teacher] llada/owt prompts=4375 buf=279 elapsed=6527s
[teacher] llada/owt prompts=4400 buf=304 elapsed=6564s
[teacher] llada/owt prompts=4425 buf=329 elapsed=6601s
[teacher] llada/owt prompts=4450 buf=354 elapsed=6638s
[teacher] llada/owt prompts=4475 buf=379 elapsed=6675s
[teacher] llada/owt prompts=4500 buf=404 elapsed=6712s
[teacher] llada/owt prompts=4525 buf=429 elapsed=6749s
[teacher] llada/owt prompts=4550 buf=454 elapsed=6786s
[teacher] llada/owt prompts=4575 buf=479 elapsed=6823s
[teacher] llada/owt prompts=4600 buf=504 elapsed=6860s
[teacher] wrote shard /scratch/ab13091/Efficient-AI/labels/teacher/llada/owt/teacher_000008.pt (512 examples)
[teacher] llada/owt prompts=4625 buf=17 elapsed=6897s
[teacher] llada/owt prompts=4650 buf=42 elapsed=6934s
[teacher] llada/owt prompts=4675 buf=67 elapsed=6971s
[teacher] llada/owt prompts=4700 buf=92 elapsed=7008s
[teacher] llada/owt prompts=4725 buf=117 elapsed=7045s
[teacher] llada/owt prompts=4750 buf=142 elapsed=7082s
[teacher] llada/owt prompts=4775 buf=167 elapsed=7119s
[teacher] llada/owt prompts=4800 buf=192 elapsed=7156s
[teacher] llada/owt prompts=4825 buf=217 elapsed=7193s
[teacher] llada/owt prompts=4850 buf=242 elapsed=7231s
[teacher] llada/owt prompts=4875 buf=267 elapsed=7268s
[teacher] llada/owt prompts=4900 buf=292 elapsed=7305s
[teacher] llada/owt prompts=4925 buf=317 elapsed=7342s
[teacher] llada/owt prompts=4950 buf=342 elapsed=7379s
[teacher] llada/owt prompts=4975 buf=367 elapsed=7416s
[teacher] llada/owt prompts=5000 buf=392 elapsed=7453s
[teacher] wrote final shard /scratch/ab13091/Efficient-AI/labels/teacher/llada/owt/teacher_000009.pt (392 examples)
[teacher] done. total prompts=5000
