A new version of the following files was downloaded from https://huggingface.co/Dream-org/Dream-v0-Instruct-7B:
- tokenization_dream.py
. Make sure to double-check they do not contain any added malicious code. To avoid downloading new versions of the code file, you can pin a revision.
A new version of the following files was downloaded from https://huggingface.co/Dream-org/Dream-v0-Instruct-7B:
- configuration_dream.py
. Make sure to double-check they do not contain any added malicious code. To avoid downloading new versions of the code file, you can pin a revision.
A new version of the following files was downloaded from https://huggingface.co/Dream-org/Dream-v0-Instruct-7B:
- generation_utils.py
. Make sure to double-check they do not contain any added malicious code. To avoid downloading new versions of the code file, you can pin a revision.
A new version of the following files was downloaded from https://huggingface.co/Dream-org/Dream-v0-Instruct-7B:
- modeling_dream.py
- generation_utils.py
. Make sure to double-check they do not contain any added malicious code. To avoid downloading new versions of the code file, you can pin a revision.
Downloading shards:   0%|                                                                                                           | 0/4 [00:00<?, ?it/s]Downloading shards:  25%|████████████████████████▊                                                                          | 1/4 [00:30<01:32, 30.70s/it]Downloading shards:  50%|█████████████████████████████████████████████████▌                                                 | 2/4 [00:59<00:58, 29.45s/it]Downloading shards:  75%|██████████████████████████████████████████████████████████████████████████▎                        | 3/4 [01:23<00:26, 26.87s/it]Downloading shards: 100%|███████████████████████████████████████████████████████████████████████████████████████████████████| 4/4 [01:32<00:00, 20.04s/it]Downloading shards: 100%|███████████████████████████████████████████████████████████████████████████████████████████████████| 4/4 [01:32<00:00, 23.16s/it]
Loading checkpoint shards:   0%|                                                                                                    | 0/4 [00:00<?, ?it/s]Loading checkpoint shards:  25%|███████████████████████                                                                     | 1/4 [00:00<00:02,  1.30it/s]Loading checkpoint shards:  50%|██████████████████████████████████████████████                                              | 2/4 [00:01<00:01,  1.41it/s]Loading checkpoint shards:  75%|█████████████████████████████████████████████████████████████████████                       | 3/4 [00:02<00:00,  1.27it/s]Loading checkpoint shards: 100%|████████████████████████████████████████████████████████████████████████████████████████████| 4/4 [00:02<00:00,  1.75it/s]Loading checkpoint shards: 100%|████████████████████████████████████████████████████████████████████████████████████████████| 4/4 [00:02<00:00,  1.57it/s]
/home/ug2084/.local/lib/python3.10/site-packages/transformers/generation/configuration_utils.py:590: UserWarning: `do_sample` is set to `False`. However, `temperature` is set to `0.0` -- this flag is only used in sample-based generation modes. You should set `do_sample=True` or unset `temperature`. This was detected when initializing the generation config instance, which means the corresponding file may hold incorrect parameterization and should be fixed.
  warnings.warn(
/home/ug2084/.local/lib/python3.10/site-packages/transformers/generation/configuration_utils.py:590: UserWarning: `do_sample` is set to `False`. However, `temperature` is set to `0.0` -- this flag is only used in sample-based generation modes. You should set `do_sample=True` or unset `temperature`.
  warnings.warn(
/bin/bash: line 14:  5405 Bus error               (core dumped) python -u -m src.data.build_oracle_labels --model dream --benchmark gsm8k --split train --n_prompts 12 --out_dir /scratch/ug2084/Efficient-AI/smoke/dream/oracle/labels --shard_size 1000 --max_new_tokens 256 --n_denoise_steps 32 --default_block_size 16 --min_new_tokens 128 --lam 0.05 --dtype bf16
