[oracle-smoke] step 1/3: build_oracle_labels (LLaDA-Instruct, 50 GSM8K prompts x K=4 rollouts)
[oracle] loaded llada; hidden_dim=4096
[oracle] llada/gsm8k prompts=10 buf=20 elapsed=64s
[oracle] llada/gsm8k prompts=20 buf=40 elapsed=124s
[oracle] llada/gsm8k prompts=30 buf=60 elapsed=183s
[oracle] llada/gsm8k prompts=40 buf=80 elapsed=242s
[oracle] llada/gsm8k prompts=50 buf=100 elapsed=301s
[oracle] wrote final shard /scratch/ab13091/Efficient-AI/smoke/oracle/labels/llada/gsm8k/oracle_000000.pt (100 examples)
[oracle] done. total prompts=50
[oracle-smoke] step 2/3: train predictor on oracle labels (5 epochs)
[train] loading shards from /scratch/ab13091/Efficient-AI/smoke/oracle/labels/llada/gsm8k/*.pt
[train] train=82 val=18 class_balance={2: 47, 0: 17, 3: 9, 1: 9}
[train] epoch=0 step=1 val_loss=1.2370 val_acc=0.5000 val_off1=0.7778 majority=0.5000 gain_over_majority=+0.0000
[train]   val label_dist=[5, 2, 9, 2] pred_dist=[2, 1, 15, 0]
[train] saved new best to /scratch/ab13091/Efficient-AI/smoke/oracle/ckpt/llada_oracle.pt
[train] epoch=1 step=2 val_loss=1.1375 val_acc=0.6111 val_off1=0.7778 majority=0.5000 gain_over_majority=+0.1111
[train]   val label_dist=[5, 2, 9, 2] pred_dist=[6, 1, 10, 1]
[train] saved new best to /scratch/ab13091/Efficient-AI/smoke/oracle/ckpt/llada_oracle.pt
[train] epoch=2 step=3 val_loss=1.0601 val_acc=0.7222 val_off1=0.8333 majority=0.5000 gain_over_majority=+0.2222
[train]   val label_dist=[5, 2, 9, 2] pred_dist=[7, 1, 9, 1]
[train] saved new best to /scratch/ab13091/Efficient-AI/smoke/oracle/ckpt/llada_oracle.pt
[train] epoch=3 step=4 val_loss=1.0188 val_acc=0.7222 val_off1=0.8333 majority=0.5000 gain_over_majority=+0.2222
[train]   val label_dist=[5, 2, 9, 2] pred_dist=[7, 1, 9, 1]
[train] saved new best to /scratch/ab13091/Efficient-AI/smoke/oracle/ckpt/llada_oracle.pt
[train] epoch=4 step=5 val_loss=1.0076 val_acc=0.7222 val_off1=0.8333 majority=0.5000 gain_over_majority=+0.2222
[train]   val label_dist=[5, 2, 9, 2] pred_dist=[7, 1, 9, 1]
[train] saved new best to /scratch/ab13091/Efficient-AI/smoke/oracle/ckpt/llada_oracle.pt
[train] done. best_val_loss=1.0076
[oracle-smoke] step 3/3: eval ours-oracle vs adablock on 50 GSM8K prompts
[eval] llada/gsm8k/ours-oracle 25 acc=0.360 toks/s=18.2
[eval] llada/gsm8k/ours-oracle 50 acc=0.380 toks/s=18.5
[eval] wrote /scratch/ab13091/Efficient-AI/smoke/oracle/results/ours_oracle.json
[eval] llada/gsm8k/adablock 25 acc=0.360 toks/s=21.1
[eval] llada/gsm8k/adablock 50 acc=0.380 toks/s=21.3
[eval] wrote /scratch/ab13091/Efficient-AI/smoke/oracle/results/adablock.json
[oracle-smoke] done.
  Pass: oracle label_dist spans >=3 classes AND val_acc > val_majority_acc.
  Results in: /scratch/ab13091/Efficient-AI/smoke/oracle/results/
