[train] loading shards from /scratch/ug2084/Efficient-AI/labels/base/teacher/dream/*/*.pt
[train] train=40272 val=4704 class_balance={0: 13479, 3: 26792, 1: 1}
[train] class_weight_mode=none: using uniform CE
[train] epoch=0 step=79 val_loss=0.2122 val_acc=0.9364 val_off1=0.9364 majority=0.6631 gain_over_majority=+0.2734
[train]   val label_dist=[1585, 0, 0, 3119] pred_dist=[1538, 0, 0, 3166]
[train] saved new best to /scratch/ug2084/Efficient-AI/ckpts/predictor/base/dream_teacher.pt
[train] epoch=1 step=158 val_loss=0.2220 val_acc=0.9396 val_off1=0.9396 majority=0.6631 gain_over_majority=+0.2766
[train]   val label_dist=[1585, 0, 0, 3119] pred_dist=[1641, 0, 0, 3063]
[train] epoch=2 step=237 val_loss=0.2075 val_acc=0.9377 val_off1=0.9377 majority=0.6631 gain_over_majority=+0.2747
[train]   val label_dist=[1585, 0, 0, 3119] pred_dist=[1472, 0, 0, 3232]
[train] saved new best to /scratch/ug2084/Efficient-AI/ckpts/predictor/base/dream_teacher.pt
[train] epoch=3 step=316 val_loss=0.2162 val_acc=0.9401 val_off1=0.9401 majority=0.6631 gain_over_majority=+0.2770
[train]   val label_dist=[1585, 0, 0, 3119] pred_dist=[1525, 0, 0, 3179]
[train] epoch=4 step=395 val_loss=0.2019 val_acc=0.9428 val_off1=0.9428 majority=0.6631 gain_over_majority=+0.2798
[train]   val label_dist=[1585, 0, 0, 3119] pred_dist=[1594, 0, 0, 3110]
[train] saved new best to /scratch/ug2084/Efficient-AI/ckpts/predictor/base/dream_teacher.pt
[train] epoch=5 step=474 val_loss=0.2023 val_acc=0.9409 val_off1=0.9409 majority=0.6631 gain_over_majority=+0.2778
[train]   val label_dist=[1585, 0, 0, 3119] pred_dist=[1555, 0, 0, 3149]
[train] epoch=6 step=553 val_loss=0.2031 val_acc=0.9439 val_off1=0.9439 majority=0.6631 gain_over_majority=+0.2808
[train]   val label_dist=[1585, 0, 0, 3119] pred_dist=[1597, 0, 0, 3107]
[train] epoch=7 step=632 val_loss=0.2073 val_acc=0.9456 val_off1=0.9456 majority=0.6631 gain_over_majority=+0.2825
[train]   val label_dist=[1585, 0, 0, 3119] pred_dist=[1623, 0, 0, 3081]
[train] epoch=8 step=711 val_loss=0.2073 val_acc=0.9394 val_off1=0.9394 majority=0.6631 gain_over_majority=+0.2764
[train]   val label_dist=[1585, 0, 0, 3119] pred_dist=[1640, 0, 0, 3064]
[train] epoch=9 step=790 val_loss=0.2117 val_acc=0.9409 val_off1=0.9409 majority=0.6631 gain_over_majority=+0.2778
[train]   val label_dist=[1585, 0, 0, 3119] pred_dist=[1699, 0, 0, 3005]
[train] epoch=10 step=869 val_loss=0.2075 val_acc=0.9454 val_off1=0.9454 majority=0.6631 gain_over_majority=+0.2823
[train]   val label_dist=[1585, 0, 0, 3119] pred_dist=[1642, 0, 0, 3062]
[train] epoch=11 step=948 val_loss=0.1989 val_acc=0.9454 val_off1=0.9454 majority=0.6631 gain_over_majority=+0.2823
[train]   val label_dist=[1585, 0, 0, 3119] pred_dist=[1592, 0, 0, 3112]
[train] saved new best to /scratch/ug2084/Efficient-AI/ckpts/predictor/base/dream_teacher.pt
[train] epoch=12 step=1027 val_loss=0.2029 val_acc=0.9456 val_off1=0.9456 majority=0.6631 gain_over_majority=+0.2825
[train]   val label_dist=[1585, 0, 0, 3119] pred_dist=[1625, 0, 0, 3079]
[train] epoch=13 step=1106 val_loss=0.2008 val_acc=0.9469 val_off1=0.9469 majority=0.6631 gain_over_majority=+0.2838
[train]   val label_dist=[1585, 0, 0, 3119] pred_dist=[1603, 0, 0, 3101]
[train] epoch=14 step=1185 val_loss=0.2043 val_acc=0.9460 val_off1=0.9460 majority=0.6631 gain_over_majority=+0.2830
[train]   val label_dist=[1585, 0, 0, 3119] pred_dist=[1617, 0, 0, 3087]
[train] epoch=15 step=1264 val_loss=0.2038 val_acc=0.9460 val_off1=0.9460 majority=0.6631 gain_over_majority=+0.2830
[train]   val label_dist=[1585, 0, 0, 3119] pred_dist=[1613, 0, 0, 3091]
[train] done. best_val_loss=0.1989
