[oracle-smoke-dream-base] step 1/3: build_oracle_labels (Dream-Base, 12 GSM8K prompts x K=4 rollouts)
[oracle] loaded dream; hidden_dim=3584
[oracle] dream/gsm8k prompts=10 buf=160 elapsed=598s
[oracle] wrote final shard /scratch/ug2084/Efficient-AI/smoke/dream_base/oracle/labels/dream/gsm8k/oracle_000000.pt (192 examples)
[oracle] done. total prompts=12
[oracle-smoke-dream-base] step 2/3: train predictor on oracle labels (5 epochs)
[train] loading shards from /scratch/ug2084/Efficient-AI/smoke/dream_base/oracle/labels/dream/gsm8k/*.pt
[train] train=176 val=16 class_balance={3: 28, 2: 27, 0: 86, 1: 35}
[train] class_weight_mode=none: using uniform CE
[train] epoch=0 step=1 val_loss=1.3360 val_acc=0.4375 val_off1=0.4375 majority=0.5000 gain_over_majority=-0.0625
[train]   val label_dist=[7, 0, 1, 8] pred_dist=[16, 0, 0, 0]
[train] saved new best to /scratch/ug2084/Efficient-AI/smoke/dream_base/oracle/ckpt/dream_oracle.pt
[train] epoch=1 step=2 val_loss=1.3134 val_acc=0.4375 val_off1=0.4375 majority=0.5000 gain_over_majority=-0.0625
[train]   val label_dist=[7, 0, 1, 8] pred_dist=[16, 0, 0, 0]
[train] saved new best to /scratch/ug2084/Efficient-AI/smoke/dream_base/oracle/ckpt/dream_oracle.pt
[train] epoch=2 step=3 val_loss=1.3091 val_acc=0.4375 val_off1=0.4375 majority=0.5000 gain_over_majority=-0.0625
[train]   val label_dist=[7, 0, 1, 8] pred_dist=[16, 0, 0, 0]
[train] saved new best to /scratch/ug2084/Efficient-AI/smoke/dream_base/oracle/ckpt/dream_oracle.pt
[train] epoch=3 step=4 val_loss=1.3079 val_acc=0.4375 val_off1=0.4375 majority=0.5000 gain_over_majority=-0.0625
[train]   val label_dist=[7, 0, 1, 8] pred_dist=[16, 0, 0, 0]
[train] saved new best to /scratch/ug2084/Efficient-AI/smoke/dream_base/oracle/ckpt/dream_oracle.pt
[train] epoch=4 step=5 val_loss=1.3069 val_acc=0.4375 val_off1=0.4375 majority=0.5000 gain_over_majority=-0.0625
[train]   val label_dist=[7, 0, 1, 8] pred_dist=[16, 0, 0, 0]
[train] saved new best to /scratch/ug2084/Efficient-AI/smoke/dream_base/oracle/ckpt/dream_oracle.pt
[train] done. best_val_loss=1.3069
[oracle-smoke-dream-base] step 3/3: eval ours-oracle vs adablock on 15 GSM8K prompts
[eval] wrote /scratch/ug2084/Efficient-AI/smoke/dream_base/oracle/results/ours_oracle.json
[eval] wrote /scratch/ug2084/Efficient-AI/smoke/dream_base/oracle/results/adablock.json
[oracle-smoke-dream-base] done.
  GO criteria for adding Dream-Base to the full pipeline:
    1. Oracle label class_balance covers >=3 classes, no class >70%
    2. Predictor val gain_over_majority > 0
    3. Eval block_size_histogram differs visibly between schedulers
  NO-GO: oracle labels collapse to <3 classes => stick with LLaDA-Base only
