[oracle-smoke-instruct] step 1/3: build_oracle_labels (LLaDA-Instruct, 12 GSM8K prompts x K=4 rollouts)
[oracle] loaded llada; hidden_dim=4096
[oracle] resume: 1 shards on disk, last prompt_id=11, continuing from prompt 12 with shard_idx=1
[oracle] done. total prompts=0
[oracle-smoke-instruct] step 2/3: train predictor on oracle labels (5 epochs)
[train] loading shards from /scratch/ug2084/Efficient-AI/smoke/instruct/oracle/labels/llada/gsm8k/*.pt
[train] train=22 val=2 class_balance={2: 14, 0: 5, 3: 2, 1: 1}
[train] class_weight_mode=none: using uniform CE
[train] epoch=0 step=1 val_loss=1.1555 val_acc=0.5000 val_off1=0.5000 majority=0.5000 gain_over_majority=+0.0000
[train]   val label_dist=[1, 0, 1, 0] pred_dist=[0, 0, 2, 0]
[train] saved new best to /scratch/ug2084/Efficient-AI/smoke/instruct/oracle/ckpt/llada_oracle.pt
[train] epoch=1 step=2 val_loss=1.0822 val_acc=0.5000 val_off1=0.5000 majority=0.5000 gain_over_majority=+0.0000
[train]   val label_dist=[1, 0, 1, 0] pred_dist=[0, 0, 2, 0]
[train] saved new best to /scratch/ug2084/Efficient-AI/smoke/instruct/oracle/ckpt/llada_oracle.pt
[train] epoch=2 step=3 val_loss=1.0390 val_acc=0.5000 val_off1=0.5000 majority=0.5000 gain_over_majority=+0.0000
[train]   val label_dist=[1, 0, 1, 0] pred_dist=[0, 0, 2, 0]
[train] saved new best to /scratch/ug2084/Efficient-AI/smoke/instruct/oracle/ckpt/llada_oracle.pt
[train] epoch=3 step=4 val_loss=1.0117 val_acc=0.5000 val_off1=0.5000 majority=0.5000 gain_over_majority=+0.0000
[train]   val label_dist=[1, 0, 1, 0] pred_dist=[0, 0, 2, 0]
[train] saved new best to /scratch/ug2084/Efficient-AI/smoke/instruct/oracle/ckpt/llada_oracle.pt
[train] epoch=4 step=5 val_loss=1.0029 val_acc=0.5000 val_off1=0.5000 majority=0.5000 gain_over_majority=+0.0000
[train]   val label_dist=[1, 0, 1, 0] pred_dist=[0, 0, 2, 0]
[train] saved new best to /scratch/ug2084/Efficient-AI/smoke/instruct/oracle/ckpt/llada_oracle.pt
[train] done. best_val_loss=1.0029
[oracle-smoke-instruct] step 3/3: eval ours-oracle vs adablock on 15 GSM8K prompts
[eval] wrote /scratch/ug2084/Efficient-AI/smoke/instruct/oracle/results/ours_oracle.json
[eval] wrote /scratch/ug2084/Efficient-AI/smoke/instruct/oracle/results/adablock.json
[oracle-smoke-instruct] done.
  Comparison signals (vs Base oracle smoke):
    1. Class balance: Instruct usually 4/4 (PPL varies); Base 4/4 better-balanced
    2. Val gain over majority: Instruct prior +0.20; Base prior +0.06
    3. Eval block_size_histogram: Instruct collapsed (no leverage); Base varied
