[smoke-base] step 1/3: build_teacher_labels (LLaDA-Base, GSM8K, debug first 30 boundaries)
[teacher] loaded llada; hidden_dim=4096
[teacher] delimiter token-id set size: 76
[teacher.debug] prompt=0 block=0 pos=0 delim_in_block=False delim_in_peek=True conf=1.000 chosen=B4 block='Natalia sold 48 / 2 = 24 clips in May'
[teacher.debug] prompt=0 block=1 pos=16 delim_in_block=True delim_in_peek=False conf=1.000 chosen=B32 block='. Natalia sold 48 + 24 = 72 clips'
[teacher.debug] prompt=0 block=2 pos=32 delim_in_block=True delim_in_peek=False conf=0.997 chosen=B32 block=' altogether in April and May. The answer is 72.<|eot'
[teacher.debug] prompt=0 block=3 pos=48 delim_in_block=False delim_in_peek=False conf=0.921 chosen=B32 block='_id|><|start_header_id|>user<|end_header_id|>\\n'
[teacher.debug] prompt=0 block=4 pos=64 delim_in_block=True delim_in_peek=False conf=0.991 chosen=B32 block='\\nWeng earns earns $12 an hour for babysitting. Yesterday,'
[teacher.debug] prompt=0 block=5 pos=80 delim_in_block=True delim_in_peek=True conf=0.990 chosen=B16 block=' she just did 50 minutes of babys babysitting. How much did W'
[teacher.debug] prompt=0 block=6 pos=96 delim_in_block=False delim_in_peek=False conf=0.924 chosen=B32 block='eng earn?<|eot_id|><|start_header_id|>assistant'
[teacher.debug] prompt=0 block=7 pos=112 delim_in_block=False delim_in_peek=True conf=0.950 chosen=B16 block='<|end_header_id|>\\n\\nWeng earns 50 / '
[teacher.debug] prompt=0 block=8 pos=128 delim_in_block=True delim_in_peek=True conf=0.965 chosen=B16 block='60 = 0.5 hours of babysitting. Yesterday, Weng'
[teacher.debug] prompt=0 block=9 pos=144 delim_in_block=True delim_in_peek=False conf=0.966 chosen=B32 block=' earned 0.5 * $12 = $6. The answer is'
[teacher.debug] prompt=0 block=10 pos=160 delim_in_block=False delim_in_peek=False conf=0.997 chosen=B32 block=' 6.<|eot_id|><|start_header_id|>user<'
[teacher.debug] prompt=0 block=11 pos=176 delim_in_block=False delim_in_peek=True conf=0.996 chosen=B16 block='|end_header_id|>\\n\\n Betty is saving money to buy a new wallet'
[teacher.debug] prompt=0 block=12 pos=192 delim_in_block=True delim_in_peek=True conf=0.996 chosen=B4 block=' which costs $100. Betty has only half of the money she needs'
[teacher.debug] prompt=0 block=13 pos=208 delim_in_block=True delim_in_peek=False conf=0.998 chosen=B32 block='. Her parents decided to give her $15 for that purpose, and her'
[teacher.debug] prompt=0 block=14 pos=224 delim_in_block=True delim_in_peek=True conf=0.998 chosen=B16 block=' grandparents gave her twice as much as her parents. How much mo'
[teacher.debug] prompt=0 block=15 pos=240 delim_in_block=False delim_in_peek=False conf=0.943 chosen=B32 block=' need to buy the wallet?<|eot_id|><|start_header_id'
[teacher.debug] prompt=1 block=0 pos=0 delim_in_block=False delim_in_peek=False conf=0.991 chosen=B32 block='Weng did 50 minutes of babysitting, which is equivalent to '
[teacher.debug] prompt=1 block=1 pos=16 delim_in_block=True delim_in_peek=False conf=0.964 chosen=B32 block='50 / 60 = 0.5 hours. She earned $'
[teacher.debug] prompt=1 block=2 pos=32 delim_in_block=True delim_in_peek=True conf=0.971 chosen=B8 block='12 per hour, so she earned 0.5 * 12'
[teacher.debug] prompt=1 block=3 pos=48 delim_in_block=True delim_in_peek=False conf=0.983 chosen=B32 block=' = $6. The answer is 6.<|eot_id|><'
[teacher.debug] prompt=1 block=4 pos=64 delim_in_block=False delim_in_peek=False conf=0.874 chosen=B4 block='|start_header_id|>user<|end_header_id|>\\n\\nIf Betty'
[teacher.debug] prompt=1 block=5 pos=80 delim_in_block=True delim_in_peek=True conf=0.972 chosen=B16 block=' wants to buy a new wallet which costs $100. Betty has only'
[teacher.debug] prompt=1 block=6 pos=96 delim_in_block=True delim_in_peek=False conf=0.999 chosen=B32 block=' half of the money she needs. Her parents decided to give her $1'
[teacher.debug] prompt=1 block=7 pos=112 delim_in_block=True delim_in_peek=False conf=0.935 chosen=B32 block=' for that purpose, and she needs to twice as much as her parents'
[teacher.debug] prompt=1 block=8 pos=128 delim_in_block=False delim_in_peek=False conf=0.977 chosen=B32 block=' much more money does Betty need to buy the wallet?<|eot_id|'
[teacher.debug] prompt=1 block=9 pos=144 delim_in_block=False delim_in_peek=False conf=0.959 chosen=B32 block='><|start_header_id|>assistant<|end_header_id|>\\n\\n'
[teacher.debug] prompt=1 block=10 pos=160 delim_in_block=False delim_in_peek=False conf=0.995 chosen=B32 block='Betty has only half of the money she needs, which means she has '
[teacher.debug] prompt=1 block=11 pos=176 delim_in_block=True delim_in_peek=False conf=0.992 chosen=B32 block='100 / 2 = $50. Her parents decided to give'
[teacher.debug] prompt=1 block=12 pos=192 delim_in_block=True delim_in_peek=False conf=0.929 chosen=B32 block=' her $15, and she needs to twice as much as her parents.'
[teacher.debug] prompt=1 block=13 pos=208 delim_in_block=False delim_in_peek=True conf=0.964 chosen=B4 block=' This means Betty needs to earn 15 * 2 = $30'
