[train] loading shards from /scratch/ug2084/Efficient-AI/labels/base/oracle/llada/*/*.pt
[train] train=40272 val=4704 class_balance={3: 3011, 2: 9832, 0: 14036, 1: 13393}
[train] class_weight_mode=none: using uniform CE
[train] epoch=0 step=79 val_loss=1.2225 top1_acc=0.4086 within1_acc=0.8461 majority=0.3431 gain_over_majority=+0.0655
[train]   val label_dist=[1614, 1549, 1203, 338] pred_dist=[2023, 1698, 966, 17]
[train] saved new best to /scratch/ug2084/Efficient-AI/ckpts/predictor/base/llada_oracle.pt
[train] epoch=1 step=158 val_loss=1.2113 top1_acc=0.4107 within1_acc=0.7906 majority=0.3431 gain_over_majority=+0.0676
[train]   val label_dist=[1614, 1549, 1203, 338] pred_dist=[2823, 540, 1297, 44]
[train] saved new best to /scratch/ug2084/Efficient-AI/ckpts/predictor/base/llada_oracle.pt
[train] epoch=2 step=237 val_loss=1.2046 top1_acc=0.4269 within1_acc=0.8310 majority=0.3431 gain_over_majority=+0.0838
[train]   val label_dist=[1614, 1549, 1203, 338] pred_dist=[1901, 1304, 1456, 43]
[train] saved new best to /scratch/ug2084/Efficient-AI/ckpts/predictor/base/llada_oracle.pt
[train] epoch=3 step=316 val_loss=1.2043 top1_acc=0.4213 within1_acc=0.8238 majority=0.3431 gain_over_majority=+0.0782
[train]   val label_dist=[1614, 1549, 1203, 338] pred_dist=[2490, 1379, 798, 37]
[train] saved new best to /scratch/ug2084/Efficient-AI/ckpts/predictor/base/llada_oracle.pt
[train] epoch=4 step=395 val_loss=1.1922 top1_acc=0.4305 within1_acc=0.8552 majority=0.3431 gain_over_majority=+0.0874
[train]   val label_dist=[1614, 1549, 1203, 338] pred_dist=[1626, 1976, 1079, 23]
[train] saved new best to /scratch/ug2084/Efficient-AI/ckpts/predictor/base/llada_oracle.pt
[train] epoch=5 step=474 val_loss=1.1942 top1_acc=0.4426 within1_acc=0.8446 majority=0.3431 gain_over_majority=+0.0995
[train]   val label_dist=[1614, 1549, 1203, 338] pred_dist=[1656, 1574, 1432, 42]
[train] epoch=6 step=553 val_loss=1.1925 top1_acc=0.4328 within1_acc=0.8463 majority=0.3431 gain_over_majority=+0.0897
[train]   val label_dist=[1614, 1549, 1203, 338] pred_dist=[1917, 1862, 858, 67]
[train] epoch=7 step=632 val_loss=1.1895 top1_acc=0.4396 within1_acc=0.8433 majority=0.3431 gain_over_majority=+0.0965
[train]   val label_dist=[1614, 1549, 1203, 338] pred_dist=[1616, 1544, 1490, 54]
[train] saved new best to /scratch/ug2084/Efficient-AI/ckpts/predictor/base/llada_oracle.pt
[train] epoch=8 step=711 val_loss=1.1931 top1_acc=0.4390 within1_acc=0.8618 majority=0.3431 gain_over_majority=+0.0959
[train]   val label_dist=[1614, 1549, 1203, 338] pred_dist=[1376, 2126, 1146, 56]
[train] epoch=9 step=790 val_loss=1.1851 top1_acc=0.4435 within1_acc=0.8382 majority=0.3431 gain_over_majority=+0.1003
[train]   val label_dist=[1614, 1549, 1203, 338] pred_dist=[2086, 1307, 1278, 33]
[train] saved new best to /scratch/ug2084/Efficient-AI/ckpts/predictor/base/llada_oracle.pt
[train] epoch=10 step=869 val_loss=1.1919 top1_acc=0.4364 within1_acc=0.8333 majority=0.3431 gain_over_majority=+0.0933
[train]   val label_dist=[1614, 1549, 1203, 338] pred_dist=[2101, 1282, 1239, 82]
[train] epoch=11 step=948 val_loss=1.1931 top1_acc=0.4396 within1_acc=0.8540 majority=0.3431 gain_over_majority=+0.0965
[train]   val label_dist=[1614, 1549, 1203, 338] pred_dist=[1612, 1859, 1161, 72]
[train] epoch=12 step=1027 val_loss=1.1953 top1_acc=0.4377 within1_acc=0.8535 majority=0.3431 gain_over_majority=+0.0946
[train]   val label_dist=[1614, 1549, 1203, 338] pred_dist=[1554, 1814, 1259, 77]
[train] epoch=13 step=1106 val_loss=1.1950 top1_acc=0.4394 within1_acc=0.8537 majority=0.3431 gain_over_majority=+0.0963
[train]   val label_dist=[1614, 1549, 1203, 338] pred_dist=[1479, 1833, 1329, 63]
[train] epoch=14 step=1185 val_loss=1.1965 top1_acc=0.4415 within1_acc=0.8469 majority=0.3431 gain_over_majority=+0.0984
[train]   val label_dist=[1614, 1549, 1203, 338] pred_dist=[1681, 1662, 1288, 73]
[train] epoch=15 step=1264 val_loss=1.1967 top1_acc=0.4422 within1_acc=0.8469 majority=0.3431 gain_over_majority=+0.0991
[train]   val label_dist=[1614, 1549, 1203, 338] pred_dist=[1685, 1664, 1280, 75]
[train] done. best_val_loss=1.1851
